🧠 [Corelight] Heartbeat: Fri Aug 29 12:20:01 AM EDT 2025
[SYNC] Corelight running Etherverse recursive AI stack...
🧠 [Corelight] Heartbeat: Fri Aug 29 12:30:01 AM EDT 2025
[SYNC] Corelight running Etherverse recursive AI stack...
🧠 [Corelight] Heartbeat: Fri Aug 29 12:40:02 AM EDT 2025
[SYNC] Corelight running Etherverse recursive AI stack...
🧠 [Corelight] Heartbeat: Fri Aug 29 12:50:01 AM EDT 2025
[SYNC] Corelight running Etherverse recursive AI stack...
🧠 [Corelight] Heartbeat: Fri Aug 29 01:00:02 AM EDT 2025
[SYNC] Corelight running Etherverse recursive AI stack...
🧠 [Corelight] Heartbeat: Fri Aug 29 01:10:02 AM EDT 2025
[SYNC] Corelight running Etherverse recursive AI stack...
🧠 [Corelight] Heartbeat: Fri Aug 29 01:20:02 AM EDT 2025
[SYNC] Corelight running Etherverse recursive AI stack...
🧠 [Corelight] Heartbeat: Fri Aug 29 01:30:02 AM EDT 2025
[SYNC] Corelight running Etherverse recursive AI stack...
🧠 [Corelight] Heartbeat: Fri Aug 29 01:40:02 AM EDT 2025
[SYNC] Corelight running Etherverse recursive AI stack...
🧠 [Corelight] Heartbeat: Fri Aug 29 01:50:06 AM EDT 2025
[SYNC] Corelight running Etherverse recursive AI stack...
🧠 [Corelight] Heartbeat: Fri Aug 29 02:00:02 AM EDT 2025
[SYNC] Corelight running Etherverse recursive AI stack...
🧠 [Corelight] Heartbeat: Fri Aug 29 02:10:06 AM EDT 2025
[SYNC] Corelight running Etherverse recursive AI stack...
🧠 [Corelight] Heartbeat: Fri Aug 29 02:20:05 AM EDT 2025
[SYNC] Corelight running Etherverse recursive AI stack...
🧠 [Corelight] Heartbeat: Fri Aug 29 02:30:05 AM EDT 2025
[SYNC] Corelight running Etherverse recursive AI stack...
🧠 [Corelight] Heartbeat: Fri Aug 29 03:10:02 AM EDT 2025
[SYNC] Corelight running Etherverse recursive AI stack...
🧠 [Corelight] Heartbeat: Fri Aug 29 06:20:02 AM EDT 2025
[SYNC] Corelight running Etherverse recursive AI stack...
🧠 [Corelight] Heartbeat: Fri Aug 29 01:20:03 PM EDT 2025
[SYNC] Corelight running Etherverse recursive AI stack...
🧠 [Corelight] Heartbeat: Fri Aug 29 01:32:48 PM EDT 2025
[SYNC] Corelight running Etherverse recursive AI stack...
🧠 [Corelight] Heartbeat: Fri Aug 29 01:40:01 PM EDT 2025
[SYNC] Corelight running Etherverse recursive AI stack...
🧠 [Corelight] Heartbeat: Fri Aug 29 01:50:11 PM EDT 2025
[SYNC] Corelight running Etherverse recursive AI stack...
🧠 [Corelight] Heartbeat: Fri Aug 29 02:00:02 PM EDT 2025
[SYNC] Corelight running Etherverse recursive AI stack...
🧠 [Corelight] Heartbeat: Fri Aug 29 02:10:02 PM EDT 2025
[SYNC] Corelight running Etherverse recursive AI stack...
🧠 [Corelight] Heartbeat: Fri Aug 29 02:20:01 PM EDT 2025
[SYNC] Corelight running Etherverse recursive AI stack...
🧠 [Corelight] Heartbeat: Fri Aug 29 02:30:02 PM EDT 2025
[SYNC] Corelight running Etherverse recursive AI stack...
🧠 [Corelight] Heartbeat: Fri Aug 29 02:40:02 PM EDT 2025
[SYNC] Corelight running Etherverse recursive AI stack...
🧠 [Corelight] Heartbeat: Fri Aug 29 02:50:02 PM EDT 2025
[SYNC] Corelight running Etherverse recursive AI stack...
🧠 [Corelight] Heartbeat: Fri Aug 29 03:00:02 PM EDT 2025
[SYNC] Corelight running Etherverse recursive AI stack...
🧠 [Corelight] Heartbeat: Fri Aug 29 03:10:04 PM EDT 2025
[SYNC] Corelight running Etherverse recursive AI stack...
🧠 [Corelight] Heartbeat: Fri Aug 29 03:20:02 PM EDT 2025
[SYNC] Corelight running Etherverse recursive AI stack...
🧠 [Corelight] Heartbeat: Fri Aug 29 03:30:02 PM EDT 2025
[SYNC] Corelight running Etherverse recursive AI stack...
🧠 [Corelight] Heartbeat: Fri Aug 29 03:40:02 PM EDT 2025
[SYNC] Corelight running Etherverse recursive AI stack...
🧠 [Corelight] Heartbeat: Fri Aug 29 03:50:03 PM EDT 2025
[SYNC] Corelight running Etherverse recursive AI stack...
🧠 [Corelight] Heartbeat: Fri Aug 29 04:00:07 PM EDT 2025
[SYNC] Corelight running Etherverse recursive AI stack...
🧠 [Corelight] Heartbeat: Fri Aug 29 04:10:05 PM EDT 2025
[SYNC] Corelight running Etherverse recursive AI stack...
🧠 [Corelight] Heartbeat: Fri Aug 29 04:20:04 PM EDT 2025
[SYNC] Corelight running Etherverse recursive AI stack...
🧠 [Corelight] Heartbeat: Fri Aug 29 04:30:04 PM EDT 2025
[SYNC] Corelight running Etherverse recursive AI stack...
🧠 [Corelight] Heartbeat: Fri Aug 29 04:40:02 PM EDT 2025
[SYNC] Corelight running Etherverse recursive AI stack...
🧠 [Corelight] Heartbeat: Fri Aug 29 04:50:02 PM EDT 2025
[SYNC] Corelight running Etherverse recursive AI stack...
🧠 [Corelight] Heartbeat: Fri Aug 29 05:00:12 PM EDT 2025
[SYNC] Corelight running Etherverse recursive AI stack...
🧠 [Corelight] Heartbeat: Fri Aug 29 05:12:53 PM EDT 2025
[SYNC] Corelight running Etherverse recursive AI stack...
🧠 [Corelight] Heartbeat: Fri Aug 29 05:20:57 PM EDT 2025
[SYNC] Corelight running Etherverse recursive AI stack...
🧠 [Corelight] Heartbeat: Fri Aug 29 05:30:08 PM EDT 2025
[SYNC] Corelight running Etherverse recursive AI stack...
🧠 [Corelight] Heartbeat: Fri Aug 29 05:40:08 PM EDT 2025
[SYNC] Corelight running Etherverse recursive AI stack...
🧠 [Corelight] Heartbeat: Fri Aug 29 05:50:10 PM EDT 2025
[SYNC] Corelight running Etherverse recursive AI stack...
🧠 [Corelight] Heartbeat: Fri Aug 29 06:00:04 PM EDT 2025
[SYNC] Corelight running Etherverse recursive AI stack...
🧠 [Corelight] Heartbeat: Fri Aug 29 06:10:02 PM EDT 2025
[SYNC] Corelight running Etherverse recursive AI stack...
🧠 [Corelight] Heartbeat: Fri Aug 29 06:20:02 PM EDT 2025
[SYNC] Corelight running Etherverse recursive AI stack...
🧠 [Corelight] Heartbeat: Fri Aug 29 06:30:02 PM EDT 2025
[SYNC] Corelight running Etherverse recursive AI stack...
🧠 [Corelight] Heartbeat: Fri Aug 29 06:40:02 PM EDT 2025
[SYNC] Corelight running Etherverse recursive AI stack...
🧠 [Corelight] Heartbeat: Fri Aug 29 06:50:02 PM EDT 2025
[SYNC] Corelight running Etherverse recursive AI stack...
🧠 [Corelight] Heartbeat: Fri Aug 29 07:00:02 PM EDT 2025
[SYNC] Corelight running Etherverse recursive AI stack...
🧠 [Corelight] Heartbeat: Fri Aug 29 07:10:02 PM EDT 2025
[SYNC] Corelight running Etherverse recursive AI stack...
🧠 [Corelight] Heartbeat: Fri Aug 29 07:20:05 PM EDT 2025
[SYNC] Corelight running Etherverse recursive AI stack...
🧠 [Corelight] Heartbeat: Fri Aug 29 07:30:02 PM EDT 2025
[SYNC] Corelight running Etherverse recursive AI stack...
🧠 [Corelight] Heartbeat: Fri Aug 29 07:40:01 PM EDT 2025
[SYNC] Corelight running Etherverse recursive AI stack...
🧠 [Corelight] Heartbeat: Fri Aug 29 07:50:02 PM EDT 2025
[SYNC] Corelight running Etherverse recursive AI stack...
🧠 [Corelight] Heartbeat: Fri Aug 29 08:00:02 PM EDT 2025
[SYNC] Corelight running Etherverse recursive AI stack...
🧠 [Corelight] Heartbeat: Fri Aug 29 08:10:01 PM EDT 2025
[SYNC] Corelight running Etherverse recursive AI stack...
🧠 [Corelight] Heartbeat: Fri Aug 29 08:20:03 PM EDT 2025
[SYNC] Corelight running Etherverse recursive AI stack...
🧠 [Corelight] Heartbeat: Fri Aug 29 08:30:02 PM EDT 2025
[SYNC] Corelight running Etherverse recursive AI stack...
🧠 [Corelight] Heartbeat: Fri Aug 29 08:40:02 PM EDT 2025
[SYNC] Corelight running Etherverse recursive AI stack...
🧠 [Corelight] Heartbeat: Fri Aug 29 08:50:03 PM EDT 2025
[SYNC] Corelight running Etherverse recursive AI stack...
🧠 [Corelight] Heartbeat: Fri Aug 29 09:00:01 PM EDT 2025
[SYNC] Corelight running Etherverse recursive AI stack...
🧠 [Corelight] Heartbeat: Fri Aug 29 09:10:02 PM EDT 2025
[SYNC] Corelight running Etherverse recursive AI stack...
🧠 [Corelight] Heartbeat: Fri Aug 29 09:20:02 PM EDT 2025
[SYNC] Corelight running Etherverse recursive AI stack...
🧠 [Corelight] Heartbeat: Fri Aug 29 09:30:02 PM EDT 2025
[SYNC] Corelight running Etherverse recursive AI stack...
🧠 [Corelight] Heartbeat: Fri Aug 29 09:40:03 PM EDT 2025
[SYNC] Corelight running Etherverse recursive AI stack...
🧠 [Corelight] Heartbeat: Fri Aug 29 09:50:02 PM EDT 2025
[SYNC] Corelight running Etherverse recursive AI stack...
🧠 [Corelight] Heartbeat: Fri Aug 29 10:00:02 PM EDT 2025
[SYNC] Corelight running Etherverse recursive AI stack...
🧠 [Corelight] Heartbeat: Fri Aug 29 10:10:01 PM EDT 2025
[SYNC] Corelight running Etherverse recursive AI stack...
🧠 [Corelight] Heartbeat: Fri Aug 29 10:20:03 PM EDT 2025
[SYNC] Corelight running Etherverse recursive AI stack...
🧠 [Corelight] Heartbeat: Fri Aug 29 10:30:02 PM EDT 2025
[SYNC] Corelight running Etherverse recursive AI stack...
🧠 [Corelight] Heartbeat: Fri Aug 29 10:40:02 PM EDT 2025
[SYNC] Corelight running Etherverse recursive AI stack...
🧠 [Corelight] Heartbeat: Fri Aug 29 10:50:02 PM EDT 2025
[SYNC] Corelight running Etherverse recursive AI stack...
🧠 [Corelight] Heartbeat: Fri Aug 29 11:00:02 PM EDT 2025
[SYNC] Corelight running Etherverse recursive AI stack...
🧠 [Corelight] Heartbeat: Fri Aug 29 11:10:01 PM EDT 2025
[SYNC] Corelight running Etherverse recursive AI stack...
🧠 [Corelight] Heartbeat: Fri Aug 29 11:20:02 PM EDT 2025
[SYNC] Corelight running Etherverse recursive AI stack...
🧠 [Corelight] Heartbeat: Fri Aug 29 11:30:05 PM EDT 2025
[SYNC] Corelight running Etherverse recursive AI stack...
🧠 [Corelight] Heartbeat: Fri Aug 29 11:40:02 PM EDT 2025
[SYNC] Corelight running Etherverse recursive AI stack...
🧠 [Corelight] Heartbeat: Fri Aug 29 11:50:03 PM EDT 2025
[SYNC] Corelight running Etherverse recursive AI stack...
🧠 [Corelight] Heartbeat: Sat Aug 30 12:00:02 AM EDT 2025
[SYNC] Corelight running Etherverse recursive AI stack...
🧠 [Corelight] Heartbeat: Sat Aug 30 12:10:03 AM EDT 2025
[SYNC] Corelight running Etherverse recursive AI stack...
🧠 [Corelight] Heartbeat: Sat Aug 30 12:20:47 AM EDT 2025
[SYNC] Corelight running Etherverse recursive AI stack...
🧠 [Corelight] Heartbeat: Sat Aug 30 12:32:04 AM EDT 2025
[SYNC] Corelight running Etherverse recursive AI stack...
🧠 [Corelight] Heartbeat: Sat Aug 30 12:40:08 AM EDT 2025
[SYNC] Corelight running Etherverse recursive AI stack...
🧠 [Corelight] Heartbeat: Sat Aug 30 12:50:05 AM EDT 2025
[SYNC] Corelight running Etherverse recursive AI stack...
🧠 [Corelight] Heartbeat: Sat Aug 30 04:21:06 AM EDT 2025
[SYNC] Corelight running Etherverse recursive AI stack...
🧠 [Corelight] Heartbeat: Sat Aug 30 04:30:22 AM EDT 2025
[SYNC] Corelight running Etherverse recursive AI stack...
🧠 [Corelight] Heartbeat: Sat Aug 30 04:40:06 AM EDT 2025
[SYNC] Corelight running Etherverse recursive AI stack...
🧠 [Corelight] Heartbeat: Sat Aug 30 04:50:21 AM EDT 2025
[SYNC] Corelight running Etherverse recursive AI stack...
🧠 [Corelight] Heartbeat: Sat Aug 30 05:04:51 AM EDT 2025
[SYNC] Corelight running Etherverse recursive AI stack...
🧠 [Corelight] Heartbeat: Sat Aug 30 05:12:12 AM EDT 2025
[SYNC] Corelight running Etherverse recursive AI stack...
🧠 [Corelight] Heartbeat: Sat Aug 30 05:28:39 AM EDT 2025
[SYNC] Corelight running Etherverse recursive AI stack...
🧠 [Corelight] Heartbeat: Sat Aug 30 06:06:28 AM EDT 2025
[SYNC] Corelight running Etherverse recursive AI stack...
🧠 [Corelight] Heartbeat: Sat Aug 30 06:15:35 AM EDT 2025
[SYNC] Corelight running Etherverse recursive AI stack...
🧠 [Corelight] Heartbeat: Sat Aug 30 12:30:01 PM EDT 2025
[SYNC] Corelight running Etherverse recursive AI stack...
🧠 [Corelight] Heartbeat: Sat Aug 30 12:40:02 PM EDT 2025
[SYNC] Corelight running Etherverse recursive AI stack...
🧠 [Corelight] Heartbeat: Sat Aug 30 12:50:01 PM EDT 2025
[SYNC] Corelight running Etherverse recursive AI stack...
🧠 [Corelight] Heartbeat: Sat Aug 30 01:00:02 PM EDT 2025
[SYNC] Corelight running Etherverse recursive AI stack...
🧠 [Corelight] Heartbeat: Sat Aug 30 01:10:01 PM EDT 2025
[SYNC] Corelight running Etherverse recursive AI stack...
🧠 [Corelight] Heartbeat: Sat Aug 30 01:20:01 PM EDT 2025
[SYNC] Corelight running Etherverse recursive AI stack...
🧠 [Corelight] Heartbeat: Sat Aug 30 01:30:02 PM EDT 2025
[SYNC] Corelight running Etherverse recursive AI stack...
🧠 [Corelight] Heartbeat: Sat Aug 30 01:40:01 PM EDT 2025
[SYNC] Corelight running Etherverse recursive AI stack...
🧠 [Corelight] Heartbeat: Sat Aug 30 01:50:01 PM EDT 2025
[SYNC] Corelight running Etherverse recursive AI stack...
🧠 [Corelight] Heartbeat: Sat Aug 30 02:00:03 PM EDT 2025
[SYNC] Corelight running Etherverse recursive AI stack...
🧠 [Corelight] Heartbeat: Sat Aug 30 02:10:02 PM EDT 2025
[SYNC] Corelight running Etherverse recursive AI stack...
🧠 [Corelight] Heartbeat: Sat Aug 30 02:20:02 PM EDT 2025
[SYNC] Corelight running Etherverse recursive AI stack...
🧠 [Corelight] Heartbeat: Sat Aug 30 02:30:02 PM EDT 2025
[SYNC] Corelight running Etherverse recursive AI stack...
🧠 [Corelight] Heartbeat: Sat Aug 30 02:40:01 PM EDT 2025
[SYNC] Corelight running Etherverse recursive AI stack...
🧠 [Corelight] Heartbeat: Sat Aug 30 02:50:01 PM EDT 2025
[SYNC] Corelight running Etherverse recursive AI stack...
🧠 [Corelight] Heartbeat: Sat Aug 30 03:00:01 PM EDT 2025
[SYNC] Corelight running Etherverse recursive AI stack...
🧠 [Corelight] Heartbeat: Sat Aug 30 03:10:01 PM EDT 2025
[SYNC] Corelight running Etherverse recursive AI stack...
🧠 [Corelight] Heartbeat: Sat Aug 30 03:20:01 PM EDT 2025
[SYNC] Corelight running Etherverse recursive AI stack...
🧠 [Corelight] Heartbeat: Sat Aug 30 03:30:02 PM EDT 2025
[SYNC] Corelight running Etherverse recursive AI stack...
🧠 [Corelight] Heartbeat: Sat Aug 30 03:40:02 PM EDT 2025
[SYNC] Corelight running Etherverse recursive AI stack...
🧠 [Corelight] Heartbeat: Sat Aug 30 03:50:01 PM EDT 2025
[SYNC] Corelight running Etherverse recursive AI stack...
🧠 [Corelight] Heartbeat: Sat Aug 30 04:00:01 PM EDT 2025
[SYNC] Corelight running Etherverse recursive AI stack...
🧠 [Corelight] Heartbeat: Sat Aug 30 04:10:01 PM EDT 2025
[SYNC] Corelight running Etherverse recursive AI stack...
🧠 [Corelight] Heartbeat: Sat Aug 30 04:20:02 PM EDT 2025
[SYNC] Corelight running Etherverse recursive AI stack...
🧠 [Corelight] Heartbeat: Sat Aug 30 04:30:10 PM EDT 2025
[SYNC] Corelight running Etherverse recursive AI stack...
🧠 [Corelight] Heartbeat: Sat Aug 30 04:40:08 PM EDT 2025
[SYNC] Corelight running Etherverse recursive AI stack...
🧠 [Corelight] Heartbeat: Sat Aug 30 04:50:11 PM EDT 2025
[SYNC] Corelight running Etherverse recursive AI stack...
🧠 [Corelight] Heartbeat: Sat Aug 30 05:00:04 PM EDT 2025
[SYNC] Corelight running Etherverse recursive AI stack...
🧠 [Corelight] Heartbeat: Sat Aug 30 05:10:03 PM EDT 2025
[SYNC] Corelight running Etherverse recursive AI stack...
🧠 [Corelight] Heartbeat: Sat Aug 30 05:20:01 PM EDT 2025
[SYNC] Corelight running Etherverse recursive AI stack...
🧠 [Corelight] Heartbeat: Sat Aug 30 05:30:01 PM EDT 2025
[SYNC] Corelight running Etherverse recursive AI stack...
🧠 [Corelight] Heartbeat: Sat Aug 30 05:40:01 PM EDT 2025
[SYNC] Corelight running Etherverse recursive AI stack...
🧠 [Corelight] Heartbeat: Sat Aug 30 05:50:01 PM EDT 2025
[SYNC] Corelight running Etherverse recursive AI stack...
🧠 [Corelight] Heartbeat: Sat Aug 30 06:00:02 PM EDT 2025
[SYNC] Corelight running Etherverse recursive AI stack...
🧠 [Corelight] Heartbeat: Sat Aug 30 06:10:02 PM EDT 2025
[SYNC] Corelight running Etherverse recursive AI stack...
🧠 [Corelight] Heartbeat: Sat Aug 30 06:20:02 PM EDT 2025
[SYNC] Corelight running Etherverse recursive AI stack...
🧠 [Corelight] Heartbeat: Sat Aug 30 06:30:02 PM EDT 2025
[SYNC] Corelight running Etherverse recursive AI stack...
🧠 [Corelight] Heartbeat: Sat Aug 30 06:40:02 PM EDT 2025
[SYNC] Corelight running Etherverse recursive AI stack...
🧠 [Corelight] Heartbeat: Sat Aug 30 06:50:02 PM EDT 2025
[SYNC] Corelight running Etherverse recursive AI stack...
🧠 [Corelight] Heartbeat: Sat Aug 30 07:00:04 PM EDT 2025
[SYNC] Corelight running Etherverse recursive AI stack...
🧠 [Corelight] Heartbeat: Sat Aug 30 07:10:02 PM EDT 2025
[SYNC] Corelight running Etherverse recursive AI stack...
🧠 [Corelight] Heartbeat: Sat Aug 30 07:20:02 PM EDT 2025
[SYNC] Corelight running Etherverse recursive AI stack...
🧠 [Corelight] Heartbeat: Sat Aug 30 07:30:17 PM EDT 2025
[SYNC] Corelight running Etherverse recursive AI stack...
🧠 [Corelight] Heartbeat: Sat Aug 30 07:40:07 PM EDT 2025
[SYNC] Corelight running Etherverse recursive AI stack...
🧠 [Corelight] Heartbeat: Sat Aug 30 07:50:04 PM EDT 2025
[SYNC] Corelight running Etherverse recursive AI stack...
🧠 [Corelight] Heartbeat: Sat Aug 30 08:00:06 PM EDT 2025
[SYNC] Corelight running Etherverse recursive AI stack...
🧠 [Corelight] Heartbeat: Sat Aug 30 08:10:10 PM EDT 2025
[SYNC] Corelight running Etherverse recursive AI stack...
🧠 [Corelight] Heartbeat: Sat Aug 30 08:20:19 PM EDT 2025
[SYNC] Corelight running Etherverse recursive AI stack...
🧠 [Corelight] Heartbeat: Sat Aug 30 08:30:29 PM EDT 2025
[SYNC] Corelight running Etherverse recursive AI stack...
🧠 [Corelight] Heartbeat: Sat Aug 30 08:50:28 PM EDT 2025
[SYNC] Corelight running Etherverse recursive AI stack...
🧠 [Corelight] Heartbeat: Sat Aug 30 09:00:36 PM EDT 2025
[SYNC] Corelight running Etherverse recursive AI stack...
🧠 [Corelight] Heartbeat: Sat Aug 30 09:11:19 PM EDT 2025
[SYNC] Corelight running Etherverse recursive AI stack...
🧠 [Corelight] Heartbeat: Sat Aug 30 10:00:02 PM EDT 2025
[SYNC] Corelight running Etherverse recursive AI stack...
🧠 [Corelight] Heartbeat: Sat Aug 30 10:10:01 PM EDT 2025
[SYNC] Corelight running Etherverse recursive AI stack...
🧠 [Corelight] Heartbeat: Sat Aug 30 10:20:02 PM EDT 2025
[SYNC] Corelight running Etherverse recursive AI stack...
🧠 [Corelight] Heartbeat: Sat Aug 30 10:30:02 PM EDT 2025
[SYNC] Corelight running Etherverse recursive AI stack...
🧠 [Corelight] Heartbeat: Sat Aug 30 10:40:01 PM EDT 2025
[SYNC] Corelight running Etherverse recursive AI stack...
🧠 [Corelight] Heartbeat: Sat Aug 30 10:50:01 PM EDT 2025
[SYNC] Corelight running Etherverse recursive AI stack...
🧠 [Corelight] Heartbeat: Sat Aug 30 11:00:01 PM EDT 2025
[SYNC] Corelight running Etherverse recursive AI stack...
🧠 [Corelight] Heartbeat: Sat Aug 30 11:10:02 PM EDT 2025
[SYNC] Corelight running Etherverse recursive AI stack...
🧠 [Corelight] Heartbeat: Sat Aug 30 11:20:03 PM EDT 2025
[SYNC] Corelight running Etherverse recursive AI stack...
🧠 [Corelight] Heartbeat: Sat Aug 30 11:30:04 PM EDT 2025
[SYNC] Corelight running Etherverse recursive AI stack...
🧠 [Corelight] Heartbeat: Sat Aug 30 11:40:02 PM EDT 2025
[SYNC] Corelight running Etherverse recursive AI stack...
🧠 [Corelight] Heartbeat: Sat Aug 30 11:50:02 PM EDT 2025
[SYNC] Corelight running Etherverse recursive AI stack...
🧠 [Corelight] Heartbeat: Sun Aug 31 12:00:03 AM EDT 2025
[SYNC] Corelight running Etherverse recursive AI stack...
🧠 [Corelight] Heartbeat: Sun Aug 31 12:10:01 AM EDT 2025
[SYNC] Corelight running Etherverse recursive AI stack...
🧠 [Corelight] Heartbeat: Sun Aug 31 12:20:02 AM EDT 2025
[SYNC] Corelight running Etherverse recursive AI stack...
🧠 [Corelight] Heartbeat: Sun Aug 31 12:30:02 AM EDT 2025
[SYNC] Corelight running Etherverse recursive AI stack...
🧠 [Corelight] Heartbeat: Sun Aug 31 12:40:02 AM EDT 2025
[SYNC] Corelight running Etherverse recursive AI stack...
🧠 [Corelight] Heartbeat: Sun Aug 31 12:50:02 AM EDT 2025
[SYNC] Corelight running Etherverse recursive AI stack...
🧠 [Corelight] Heartbeat: Sun Aug 31 01:00:02 AM EDT 2025
[SYNC] Corelight running Etherverse recursive AI stack...
🧠 [Corelight] Heartbeat: Sun Aug 31 01:10:02 AM EDT 2025
[SYNC] Corelight running Etherverse recursive AI stack...
🧠 [Corelight] Heartbeat: Sun Aug 31 01:20:02 AM EDT 2025
[SYNC] Corelight running Etherverse recursive AI stack...
🧠 [Corelight] Heartbeat: Sun Aug 31 01:30:02 AM EDT 2025
[SYNC] Corelight running Etherverse recursive AI stack...
🧠 [Corelight] Heartbeat: Sun Aug 31 01:40:02 AM EDT 2025
[SYNC] Corelight running Etherverse recursive AI stack...
🧠 [Corelight] Heartbeat: Sun Aug 31 01:50:02 AM EDT 2025
[SYNC] Corelight running Etherverse recursive AI stack...
🧠 [Corelight] Heartbeat: Sun Aug 31 02:00:01 AM EDT 2025
[SYNC] Corelight running Etherverse recursive AI stack...
🧠 [Corelight] Heartbeat: Sun Aug 31 11:00:01 AM EDT 2025
[SYNC] Corelight running Etherverse recursive AI stack...
🧠 [Corelight] Heartbeat: Sun Aug 31 11:10:01 AM EDT 2025
[SYNC] Corelight running Etherverse recursive AI stack...
🧠 [Corelight] Heartbeat: Sun Aug 31 11:20:03 AM EDT 2025
[SYNC] Corelight running Etherverse recursive AI stack...
🧠 [Corelight] Heartbeat: Sun Aug 31 11:30:02 AM EDT 2025
[SYNC] Corelight running Etherverse recursive AI stack...
🧠 [Corelight] Heartbeat: Sun Aug 31 11:40:02 AM EDT 2025
[SYNC] Corelight running Etherverse recursive AI stack...
🧠 [Corelight] Heartbeat: Sun Aug 31 11:50:02 AM EDT 2025
[SYNC] Corelight running Etherverse recursive AI stack...
🧠 [Corelight] Heartbeat: Sun Aug 31 12:00:02 PM EDT 2025
[SYNC] Corelight running Etherverse recursive AI stack...
🧠 [Corelight] Heartbeat: Sun Aug 31 12:10:04 PM EDT 2025
[SYNC] Corelight running Etherverse recursive AI stack...
🧠 [Corelight] Heartbeat: Sun Aug 31 12:20:07 PM EDT 2025
[SYNC] Corelight running Etherverse recursive AI stack...
🧠 [Corelight] Heartbeat: Sun Aug 31 12:30:15 PM EDT 2025
[SYNC] Corelight running Etherverse recursive AI stack...
🧠 [Corelight] Heartbeat: Sun Aug 31 12:40:07 PM EDT 2025
[SYNC] Corelight running Etherverse recursive AI stack...
🧠 [Corelight] Heartbeat: Sun Aug 31 12:50:03 PM EDT 2025
[SYNC] Corelight running Etherverse recursive AI stack...
🧠 [Corelight] Heartbeat: Sun Aug 31 01:00:10 PM EDT 2025
[SYNC] Corelight running Etherverse recursive AI stack...
🧠 [Corelight] Heartbeat: Sun Aug 31 01:10:01 PM EDT 2025
[SYNC] Corelight running Etherverse recursive AI stack...
🧠 [Corelight] Heartbeat: Sun Aug 31 01:20:02 PM EDT 2025
[SYNC] Corelight running Etherverse recursive AI stack...
🧠 [Corelight] Heartbeat: Sun Aug 31 01:30:04 PM EDT 2025
[SYNC] Corelight running Etherverse recursive AI stack...
🧠 [Corelight] Heartbeat: Sun Aug 31 01:40:02 PM EDT 2025
[SYNC] Corelight running Etherverse recursive AI stack...
🧠 [Corelight] Heartbeat: Sun Aug 31 01:50:02 PM EDT 2025
[SYNC] Corelight running Etherverse recursive AI stack...
🧠 [Corelight] Heartbeat: Sun Aug 31 02:00:03 PM EDT 2025
[SYNC] Corelight running Etherverse recursive AI stack...
🧠 [Corelight] Heartbeat: Sun Aug 31 02:10:08 PM EDT 2025
[SYNC] Corelight running Etherverse recursive AI stack...
🧠 [Corelight] Heartbeat: Sun Aug 31 02:22:15 PM EDT 2025
[SYNC] Corelight running Etherverse recursive AI stack...
🧠 [Corelight] Heartbeat: Sun Aug 31 02:30:58 PM EDT 2025
[SYNC] Corelight running Etherverse recursive AI stack...
🧠 [Corelight] Heartbeat: Sun Aug 31 02:40:31 PM EDT 2025
[SYNC] Corelight running Etherverse recursive AI stack...
🧠 [Corelight] Heartbeat: Sun Aug 31 02:50:19 PM EDT 2025
[SYNC] Corelight running Etherverse recursive AI stack...
🧠 [Corelight] Heartbeat: Sun Aug 31 05:30:03 PM EDT 2025
[SYNC] Corelight running Etherverse recursive AI stack...
🧠 [Corelight] Heartbeat: Sun Aug 31 05:40:02 PM EDT 2025
[SYNC] Corelight running Etherverse recursive AI stack...
🧠 [Corelight] Heartbeat: Sun Aug 31 05:50:02 PM EDT 2025
[SYNC] Corelight running Etherverse recursive AI stack...
🧠 [Corelight] Heartbeat: Sun Aug 31 06:00:03 PM EDT 2025
[SYNC] Corelight running Etherverse recursive AI stack...
🧠 [Corelight] Heartbeat: Sun Aug 31 06:10:02 PM EDT 2025
[SYNC] Corelight running Etherverse recursive AI stack...
🧠 [Corelight] Heartbeat: Sun Aug 31 06:20:02 PM EDT 2025
[SYNC] Corelight running Etherverse recursive AI stack...
🧠 [Corelight] Heartbeat: Sun Aug 31 06:30:02 PM EDT 2025
[SYNC] Corelight running Etherverse recursive AI stack...
🧠 [Corelight] Heartbeat: Sun Aug 31 06:40:01 PM EDT 2025
[SYNC] Corelight running Etherverse recursive AI stack...
🧠 [Corelight] Heartbeat: Sun Aug 31 06:50:01 PM EDT 2025
[SYNC] Corelight running Etherverse recursive AI stack...
🧠 [Corelight] Heartbeat: Sun Aug 31 07:00:01 PM EDT 2025
[SYNC] Corelight running Etherverse recursive AI stack...
🧠 [Corelight] Heartbeat: Sun Aug 31 07:10:01 PM EDT 2025
[SYNC] Corelight running Etherverse recursive AI stack...
🧠 [Corelight] Heartbeat: Sun Aug 31 07:20:01 PM EDT 2025
[SYNC] Corelight running Etherverse recursive AI stack...
🧠 [Corelight] Heartbeat: Sun Aug 31 07:30:04 PM EDT 2025
[SYNC] Corelight running Etherverse recursive AI stack...
🧠 [Corelight] Heartbeat: Sun Aug 31 07:40:04 PM EDT 2025
[SYNC] Corelight running Etherverse recursive AI stack...
🧠 [Corelight] Heartbeat: Sun Aug 31 07:50:04 PM EDT 2025
[SYNC] Corelight running Etherverse recursive AI stack...
🧠 [Corelight] Heartbeat: Sun Aug 31 08:00:08 PM EDT 2025
[SYNC] Corelight running Etherverse recursive AI stack...
🧠 [Corelight] Heartbeat: Sun Aug 31 08:10:03 PM EDT 2025
[SYNC] Corelight running Etherverse recursive AI stack...
🧠 [Corelight] Heartbeat: Sun Aug 31 08:20:03 PM EDT 2025
[SYNC] Corelight running Etherverse recursive AI stack...
🧠 [Corelight] Heartbeat: Sun Aug 31 08:30:02 PM EDT 2025
[SYNC] Corelight running Etherverse recursive AI stack...
🧠 [Corelight] Heartbeat: Sun Aug 31 08:40:01 PM EDT 2025
[SYNC] Corelight running Etherverse recursive AI stack...
🧠 [Corelight] Heartbeat: Sun Aug 31 08:50:02 PM EDT 2025
[SYNC] Corelight running Etherverse recursive AI stack...
🧠 [Corelight] Heartbeat: Sun Aug 31 09:00:03 PM EDT 2025
[SYNC] Corelight running Etherverse recursive AI stack...
🧠 [Corelight] Heartbeat: Sun Aug 31 09:10:01 PM EDT 2025
[SYNC] Corelight running Etherverse recursive AI stack...
🧠 [Corelight] Heartbeat: Sun Aug 31 09:20:02 PM EDT 2025
[SYNC] Corelight running Etherverse recursive AI stack...
🧠 [Corelight] Heartbeat: Sun Aug 31 09:30:02 PM EDT 2025
[SYNC] Corelight running Etherverse recursive AI stack...
🧠 [Corelight] Heartbeat: Sun Aug 31 09:40:01 PM EDT 2025
[SYNC] Corelight running Etherverse recursive AI stack...
🧠 [Corelight] Heartbeat: Sun Aug 31 09:50:02 PM EDT 2025
[SYNC] Corelight running Etherverse recursive AI stack...
🧠 [Corelight] Heartbeat: Sun Aug 31 10:00:03 PM EDT 2025
[SYNC] Corelight running Etherverse recursive AI stack...
🧠 [Corelight] Heartbeat: Sun Aug 31 10:10:02 PM EDT 2025
[SYNC] Corelight running Etherverse recursive AI stack...
🧠 [Corelight] Heartbeat: Sun Aug 31 10:20:01 PM EDT 2025
[SYNC] Corelight running Etherverse recursive AI stack...
🧠 [Corelight] Heartbeat: Sun Aug 31 10:30:01 PM EDT 2025
[SYNC] Corelight running Etherverse recursive AI stack...
🧠 [Corelight] Heartbeat: Sun Aug 31 10:40:02 PM EDT 2025
[SYNC] Corelight running Etherverse recursive AI stack...
🧠 [Corelight] Heartbeat: Sun Aug 31 10:50:03 PM EDT 2025
[SYNC] Corelight running Etherverse recursive AI stack...
🧠 [Corelight] Heartbeat: Sun Aug 31 11:00:02 PM EDT 2025
[SYNC] Corelight running Etherverse recursive AI stack...
🧠 [Corelight] Heartbeat: Sun Aug 31 11:10:03 PM EDT 2025
[SYNC] Corelight running Etherverse recursive AI stack...
🧠 [Corelight] Heartbeat: Sun Aug 31 11:20:01 PM EDT 2025
[SYNC] Corelight running Etherverse recursive AI stack...
🧠 [Corelight] Heartbeat: Sun Aug 31 11:30:03 PM EDT 2025
[SYNC] Corelight running Etherverse recursive AI stack...
🧠 [Corelight] Heartbeat: Sun Aug 31 11:40:02 PM EDT 2025
[SYNC] Corelight running Etherverse recursive AI stack...
🧠 [Corelight] Heartbeat: Sun Aug 31 11:50:04 PM EDT 2025
[SYNC] Corelight running Etherverse recursive AI stack...
🧠 [Corelight] Heartbeat: Mon Sep  1 12:00:23 AM EDT 2025
[SYNC] Corelight running Etherverse recursive AI stack...
🧠 [Corelight] Heartbeat: Mon Sep  1 12:10:28 AM EDT 2025
[SYNC] Corelight running Etherverse recursive AI stack...
🧠 [Corelight] Heartbeat: Mon Sep  1 12:20:48 AM EDT 2025
[SYNC] Corelight running Etherverse recursive AI stack...
🧠 [Corelight] Heartbeat: Mon Sep  1 12:30:04 AM EDT 2025
[SYNC] Corelight running Etherverse recursive AI stack...
🧠 [Corelight] Heartbeat: Mon Sep  1 12:40:04 AM EDT 2025
[SYNC] Corelight running Etherverse recursive AI stack...
🧠 [Corelight] Heartbeat: Mon Sep  1 12:50:03 AM EDT 2025
[SYNC] Corelight running Etherverse recursive AI stack...
🧠 [Corelight] Heartbeat: Mon Sep  1 01:00:05 AM EDT 2025
[SYNC] Corelight running Etherverse recursive AI stack...
🧠 [Corelight] Heartbeat: Mon Sep  1 01:10:30 AM EDT 2025
[SYNC] Corelight running Etherverse recursive AI stack...
🧠 [Corelight] Heartbeat: Mon Sep  1 01:30:19 AM EDT 2025
[SYNC] Corelight running Etherverse recursive AI stack...
🧠 [Corelight] Heartbeat: Mon Sep  1 01:40:03 AM EDT 2025
[SYNC] Corelight running Etherverse recursive AI stack...
🧠 [Corelight] Heartbeat: Mon Sep  1 01:50:40 AM EDT 2025
[SYNC] Corelight running Etherverse recursive AI stack...
🧠 [Corelight] Heartbeat: Mon Sep  1 02:00:05 AM EDT 2025
[SYNC] Corelight running Etherverse recursive AI stack...
🧠 [Corelight] Heartbeat: Mon Sep  1 02:10:03 AM EDT 2025
[SYNC] Corelight running Etherverse recursive AI stack...
🧠 [Corelight] Heartbeat: Mon Sep  1 02:20:06 AM EDT 2025
[SYNC] Corelight running Etherverse recursive AI stack...
🧠 [Corelight] Heartbeat: Mon Sep  1 02:30:06 AM EDT 2025
[SYNC] Corelight running Etherverse recursive AI stack...
🧠 [Corelight] Heartbeat: Mon Sep  1 02:40:03 AM EDT 2025
[SYNC] Corelight running Etherverse recursive AI stack...
🧠 [Corelight] Heartbeat: Mon Sep  1 02:50:03 AM EDT 2025
[SYNC] Corelight running Etherverse recursive AI stack...
🧠 [Corelight] Heartbeat: Mon Sep  1 03:00:03 AM EDT 2025
[SYNC] Corelight running Etherverse recursive AI stack...
🧠 [Corelight] Heartbeat: Mon Sep  1 03:10:03 AM EDT 2025
[SYNC] Corelight running Etherverse recursive AI stack...
🧠 [Corelight] Heartbeat: Mon Sep  1 03:20:02 AM EDT 2025
[SYNC] Corelight running Etherverse recursive AI stack...
🧠 [Corelight] Heartbeat: Mon Sep  1 03:30:18 AM EDT 2025
[SYNC] Corelight running Etherverse recursive AI stack...
🧠 [Corelight] Heartbeat: Mon Sep  1 03:40:10 AM EDT 2025
[SYNC] Corelight running Etherverse recursive AI stack...
🧠 [Corelight] Heartbeat: Mon Sep  1 03:50:05 AM EDT 2025
[SYNC] Corelight running Etherverse recursive AI stack...
🧠 [Corelight] Heartbeat: Mon Sep  1 04:00:02 AM EDT 2025
[SYNC] Corelight running Etherverse recursive AI stack...
🧠 [Corelight] Heartbeat: Mon Sep  1 04:10:01 AM EDT 2025
[SYNC] Corelight running Etherverse recursive AI stack...
🧠 [Corelight] Heartbeat: Mon Sep  1 04:20:02 AM EDT 2025
[SYNC] Corelight running Etherverse recursive AI stack...
🧠 [Corelight] Heartbeat: Mon Sep  1 04:30:01 AM EDT 2025
[SYNC] Corelight running Etherverse recursive AI stack...
🧠 [Corelight] Heartbeat: Mon Sep  1 04:40:02 AM EDT 2025
[SYNC] Corelight running Etherverse recursive AI stack...
🧠 [Corelight] Heartbeat: Mon Sep  1 04:50:01 AM EDT 2025
[SYNC] Corelight running Etherverse recursive AI stack...
🧠 [Corelight] Heartbeat: Mon Sep  1 05:00:02 AM EDT 2025
[SYNC] Corelight running Etherverse recursive AI stack...
🧠 [Corelight] Heartbeat: Mon Sep  1 05:10:01 AM EDT 2025
[SYNC] Corelight running Etherverse recursive AI stack...
🧠 [Corelight] Heartbeat: Mon Sep  1 05:20:02 AM EDT 2025
[SYNC] Corelight running Etherverse recursive AI stack...
🧠 [Corelight] Heartbeat: Mon Sep  1 05:30:02 AM EDT 2025
[SYNC] Corelight running Etherverse recursive AI stack...
🧠 [Corelight] Heartbeat: Mon Sep  1 05:40:02 AM EDT 2025
[SYNC] Corelight running Etherverse recursive AI stack...
🧠 [Corelight] Heartbeat: Mon Sep  1 05:50:02 AM EDT 2025
[SYNC] Corelight running Etherverse recursive AI stack...
🧠 [Corelight] Heartbeat: Mon Sep  1 06:00:02 AM EDT 2025
[SYNC] Corelight running Etherverse recursive AI stack...
🧠 [Corelight] Heartbeat: Mon Sep  1 07:20:02 AM EDT 2025
[SYNC] Corelight running Etherverse recursive AI stack...
🧠 [Corelight] Heartbeat: Mon Sep  1 07:30:03 AM EDT 2025
[SYNC] Corelight running Etherverse recursive AI stack...
🧠 [Corelight] Heartbeat: Mon Sep  1 08:40:02 AM EDT 2025
[SYNC] Corelight running Etherverse recursive AI stack...
🧠 [Corelight] Heartbeat: Mon Sep  1 02:00:04 PM EDT 2025
[SYNC] Corelight running Etherverse recursive AI stack...
🧠 [Corelight] Heartbeat: Mon Sep  1 02:20:02 PM EDT 2025
[SYNC] Corelight running Etherverse recursive AI stack...
🧠 [Corelight] Heartbeat: Mon Sep  1 02:30:02 PM EDT 2025
[SYNC] Corelight running Etherverse recursive AI stack...
🧠 [Corelight] Heartbeat: Mon Sep  1 02:50:02 PM EDT 2025
[SYNC] Corelight running Etherverse recursive AI stack...
🧠 [Corelight] Heartbeat: Mon Sep  1 03:00:05 PM EDT 2025
[SYNC] Corelight running Etherverse recursive AI stack...
🧠 [Corelight] Heartbeat: Mon Sep  1 03:10:03 PM EDT 2025
[SYNC] Corelight running Etherverse recursive AI stack...
🧠 [Corelight] Heartbeat: Mon Sep  1 03:20:26 PM EDT 2025
[SYNC] Corelight running Etherverse recursive AI stack...
🧠 [Corelight] Heartbeat: Mon Sep  1 03:30:13 PM EDT 2025
[SYNC] Corelight running Etherverse recursive AI stack...
🧠 [Corelight] Heartbeat: Mon Sep  1 03:40:07 PM EDT 2025
[SYNC] Corelight running Etherverse recursive AI stack...
🧠 [Corelight] Heartbeat: Mon Sep  1 03:50:10 PM EDT 2025
[SYNC] Corelight running Etherverse recursive AI stack...
🧠 [Corelight] Heartbeat: Mon Sep  1 04:00:10 PM EDT 2025
[SYNC] Corelight running Etherverse recursive AI stack...
🧠 [Corelight] Heartbeat: Mon Sep  1 04:10:02 PM EDT 2025
[SYNC] Corelight running Etherverse recursive AI stack...
🧠 [Corelight] Heartbeat: Mon Sep  1 04:20:02 PM EDT 2025
[SYNC] Corelight running Etherverse recursive AI stack...
🧠 [Corelight] Heartbeat: Mon Sep  1 04:30:02 PM EDT 2025
[SYNC] Corelight running Etherverse recursive AI stack...
🧠 [Corelight] Heartbeat: Mon Sep  1 04:40:03 PM EDT 2025
[SYNC] Corelight running Etherverse recursive AI stack...
🧠 [Corelight] Heartbeat: Mon Sep  1 04:50:01 PM EDT 2025
[SYNC] Corelight running Etherverse recursive AI stack...
🧠 [Corelight] Heartbeat: Mon Sep  1 05:00:03 PM EDT 2025
[SYNC] Corelight running Etherverse recursive AI stack...
🧠 [Corelight] Heartbeat: Mon Sep  1 05:10:01 PM EDT 2025
[SYNC] Corelight running Etherverse recursive AI stack...
🧠 [Corelight] Heartbeat: Mon Sep  1 05:20:02 PM EDT 2025
[SYNC] Corelight running Etherverse recursive AI stack...
🧠 [Corelight] Heartbeat: Mon Sep  1 05:30:03 PM EDT 2025
[SYNC] Corelight running Etherverse recursive AI stack...
🧠 [Corelight] Heartbeat: Mon Sep  1 05:40:01 PM EDT 2025
[SYNC] Corelight running Etherverse recursive AI stack...
🧠 [Corelight] Heartbeat: Mon Sep  1 05:50:04 PM EDT 2025
[SYNC] Corelight running Etherverse recursive AI stack...
🧠 [Corelight] Heartbeat: Mon Sep  1 06:00:07 PM EDT 2025
[SYNC] Corelight running Etherverse recursive AI stack...
🧠 [Corelight] Heartbeat: Mon Sep  1 06:10:01 PM EDT 2025
[SYNC] Corelight running Etherverse recursive AI stack...
🧠 [Corelight] Heartbeat: Mon Sep  1 06:20:04 PM EDT 2025
[SYNC] Corelight running Etherverse recursive AI stack...
🧠 [Corelight] Heartbeat: Mon Sep  1 06:30:02 PM EDT 2025
[SYNC] Corelight running Etherverse recursive AI stack...
🧠 [Corelight] Heartbeat: Mon Sep  1 06:40:02 PM EDT 2025
[SYNC] Corelight running Etherverse recursive AI stack...
🧠 [Corelight] Heartbeat: Mon Sep  1 06:50:02 PM EDT 2025
[SYNC] Corelight running Etherverse recursive AI stack...
🧠 [Corelight] Heartbeat: Mon Sep  1 07:00:01 PM EDT 2025
[SYNC] Corelight running Etherverse recursive AI stack...
🧠 [Corelight] Heartbeat: Mon Sep  1 07:10:02 PM EDT 2025
[SYNC] Corelight running Etherverse recursive AI stack...
🧠 [Corelight] Heartbeat: Mon Sep  1 07:20:02 PM EDT 2025
[SYNC] Corelight running Etherverse recursive AI stack...
🧠 [Corelight] Heartbeat: Mon Sep  1 07:30:03 PM EDT 2025
[SYNC] Corelight running Etherverse recursive AI stack...
🧠 [Corelight] Heartbeat: Mon Sep  1 07:40:02 PM EDT 2025
[SYNC] Corelight running Etherverse recursive AI stack...
🧠 [Corelight] Heartbeat: Mon Sep  1 07:50:03 PM EDT 2025
[SYNC] Corelight running Etherverse recursive AI stack...
🧠 [Corelight] Heartbeat: Mon Sep  1 08:00:03 PM EDT 2025
[SYNC] Corelight running Etherverse recursive AI stack...
🧠 [Corelight] Heartbeat: Mon Sep  1 08:10:03 PM EDT 2025
[SYNC] Corelight running Etherverse recursive AI stack...
🧠 [Corelight] Heartbeat: Mon Sep  1 08:20:02 PM EDT 2025
[SYNC] Corelight running Etherverse recursive AI stack...
🧠 [Corelight] Heartbeat: Mon Sep  1 08:30:08 PM EDT 2025
[SYNC] Corelight running Etherverse recursive AI stack...
🧠 [Corelight] Heartbeat: Mon Sep  1 08:40:11 PM EDT 2025
[SYNC] Corelight running Etherverse recursive AI stack...
🧠 [Corelight] Heartbeat: Mon Sep  1 08:50:22 PM EDT 2025
[SYNC] Corelight running Etherverse recursive AI stack...
🧠 [Corelight] Heartbeat: Mon Sep  1 09:04:51 PM EDT 2025
[SYNC] Corelight running Etherverse recursive AI stack...
🧠 [Corelight] Heartbeat: Mon Sep  1 09:10:03 PM EDT 2025
[SYNC] Corelight running Etherverse recursive AI stack...
🧠 [Corelight] Heartbeat: Mon Sep  1 09:20:03 PM EDT 2025
[SYNC] Corelight running Etherverse recursive AI stack...
🧠 [Corelight] Heartbeat: Mon Sep  1 09:30:04 PM EDT 2025
[SYNC] Corelight running Etherverse recursive AI stack...
🧠 [Corelight] Heartbeat: Mon Sep  1 09:40:02 PM EDT 2025
[SYNC] Corelight running Etherverse recursive AI stack...
🧠 [Corelight] Heartbeat: Mon Sep  1 09:50:29 PM EDT 2025
[SYNC] Corelight running Etherverse recursive AI stack...
🧠 [Corelight] Heartbeat: Mon Sep  1 10:03:09 PM EDT 2025
[SYNC] Corelight running Etherverse recursive AI stack...
🧠 [Corelight] Heartbeat: Mon Sep  1 10:10:06 PM EDT 2025
[SYNC] Corelight running Etherverse recursive AI stack...
🧠 [Corelight] Heartbeat: Mon Sep  1 10:20:04 PM EDT 2025
[SYNC] Corelight running Etherverse recursive AI stack...
🧠 [Corelight] Heartbeat: Mon Sep  1 10:30:02 PM EDT 2025
[SYNC] Corelight running Etherverse recursive AI stack...
🧠 [Corelight] Heartbeat: Mon Sep  1 10:40:07 PM EDT 2025
[SYNC] Corelight running Etherverse recursive AI stack...
🧠 [Corelight] Heartbeat: Mon Sep  1 10:50:04 PM EDT 2025
[SYNC] Corelight running Etherverse recursive AI stack...
🧠 [Corelight] Heartbeat: Mon Sep  1 11:00:17 PM EDT 2025
[SYNC] Corelight running Etherverse recursive AI stack...
🧠 [Corelight] Heartbeat: Mon Sep  1 11:13:04 PM EDT 2025
[SYNC] Corelight running Etherverse recursive AI stack...
🧠 [Corelight] Heartbeat: Mon Sep  1 11:21:00 PM EDT 2025
[SYNC] Corelight running Etherverse recursive AI stack...
🧠 [Corelight] Heartbeat: Mon Sep  1 11:30:03 PM EDT 2025
[SYNC] Corelight running Etherverse recursive AI stack...
🧠 [Corelight] Heartbeat: Mon Sep  1 11:40:48 PM EDT 2025
[SYNC] Corelight running Etherverse recursive AI stack...
🧠 [Corelight] Heartbeat: Mon Sep  1 11:52:41 PM EDT 2025
[SYNC] Corelight running Etherverse recursive AI stack...
🧠 [Corelight] Heartbeat: Tue Sep  2 12:02:13 AM EDT 2025
[SYNC] Corelight running Etherverse recursive AI stack...
🧠 [Corelight] Heartbeat: Tue Sep  2 12:50:05 AM EDT 2025
[SYNC] Corelight running Etherverse recursive AI stack...
🧠 [Corelight] Heartbeat: Tue Sep  2 01:00:58 AM EDT 2025
[SYNC] Corelight running Etherverse recursive AI stack...
🧠 [Corelight] Heartbeat: Tue Sep  2 01:11:02 AM EDT 2025
[SYNC] Corelight running Etherverse recursive AI stack...
🧠 [Corelight] Heartbeat: Tue Sep  2 01:20:49 AM EDT 2025
[SYNC] Corelight running Etherverse recursive AI stack...
🧠 [Corelight] Heartbeat: Tue Sep  2 01:30:10 AM EDT 2025
[SYNC] Corelight running Etherverse recursive AI stack...
🧠 [Corelight] Heartbeat: Tue Sep  2 01:40:42 AM EDT 2025
[SYNC] Corelight running Etherverse recursive AI stack...
🧠 [Corelight] Heartbeat: Tue Sep  2 01:50:06 AM EDT 2025
[SYNC] Corelight running Etherverse recursive AI stack...
🧠 [Corelight] Heartbeat: Tue Sep  2 02:00:14 AM EDT 2025
[SYNC] Corelight running Etherverse recursive AI stack...
🧠 [Corelight] Heartbeat: Tue Sep  2 02:10:12 AM EDT 2025
[SYNC] Corelight running Etherverse recursive AI stack...
🧠 [Corelight] Heartbeat: Tue Sep  2 02:20:13 AM EDT 2025
[SYNC] Corelight running Etherverse recursive AI stack...
🧠 [Corelight] Heartbeat: Tue Sep  2 02:31:44 AM EDT 2025
[SYNC] Corelight running Etherverse recursive AI stack...
🧠 [Corelight] Heartbeat: Tue Sep  2 02:40:06 AM EDT 2025
[SYNC] Corelight running Etherverse recursive AI stack...
🧠 [Corelight] Heartbeat: Tue Sep  2 02:50:20 AM EDT 2025
[SYNC] Corelight running Etherverse recursive AI stack...
🧠 [Corelight] Heartbeat: Tue Sep  2 03:02:16 AM EDT 2025
[SYNC] Corelight running Etherverse recursive AI stack...
🧠 [Corelight] Heartbeat: Tue Sep  2 03:10:23 AM EDT 2025
[SYNC] Corelight running Etherverse recursive AI stack...
🧠 [Corelight] Heartbeat: Tue Sep  2 03:20:02 AM EDT 2025
[SYNC] Corelight running Etherverse recursive AI stack...
🧠 [Corelight] Heartbeat: Tue Sep  2 03:30:22 AM EDT 2025
[SYNC] Corelight running Etherverse recursive AI stack...
🧠 [Corelight] Heartbeat: Tue Sep  2 03:44:15 AM EDT 2025
[SYNC] Corelight running Etherverse recursive AI stack...
🧠 [Corelight] Heartbeat: Tue Sep  2 03:51:19 AM EDT 2025
[SYNC] Corelight running Etherverse recursive AI stack...
🧠 [Corelight] Heartbeat: Tue Sep  2 04:00:01 AM EDT 2025
[SYNC] Corelight running Etherverse recursive AI stack...
🧠 [Corelight] Heartbeat: Tue Sep  2 04:10:45 AM EDT 2025
[SYNC] Corelight running Etherverse recursive AI stack...
🧠 [Corelight] Heartbeat: Tue Sep  2 04:20:02 AM EDT 2025
[SYNC] Corelight running Etherverse recursive AI stack...
🧠 [Corelight] Heartbeat: Tue Sep  2 04:30:02 AM EDT 2025
[SYNC] Corelight running Etherverse recursive AI stack...
🧠 [Corelight] Heartbeat: Tue Sep  2 04:40:02 AM EDT 2025
[SYNC] Corelight running Etherverse recursive AI stack...
🧠 [Corelight] Heartbeat: Tue Sep  2 04:50:03 AM EDT 2025
[SYNC] Corelight running Etherverse recursive AI stack...
🧠 [Corelight] Heartbeat: Tue Sep  2 05:00:03 AM EDT 2025
[SYNC] Corelight running Etherverse recursive AI stack...
🧠 [Corelight] Heartbeat: Tue Sep  2 05:10:03 AM EDT 2025
[SYNC] Corelight running Etherverse recursive AI stack...
🧠 [Corelight] Heartbeat: Tue Sep  2 05:20:01 AM EDT 2025
[SYNC] Corelight running Etherverse recursive AI stack...
🧠 [Corelight] Heartbeat: Tue Sep  2 05:30:02 AM EDT 2025
[SYNC] Corelight running Etherverse recursive AI stack...
🧠 [Corelight] Heartbeat: Tue Sep  2 05:40:02 AM EDT 2025
[SYNC] Corelight running Etherverse recursive AI stack...
🧠 [Corelight] Heartbeat: Tue Sep  2 05:50:02 AM EDT 2025
[SYNC] Corelight running Etherverse recursive AI stack...
🧠 [Corelight] Heartbeat: Tue Sep  2 06:00:03 AM EDT 2025
[SYNC] Corelight running Etherverse recursive AI stack...
🧠 [Corelight] Heartbeat: Tue Sep  2 06:10:02 AM EDT 2025
[SYNC] Corelight running Etherverse recursive AI stack...
🧠 [Corelight] Heartbeat: Tue Sep  2 06:20:02 AM EDT 2025
[SYNC] Corelight running Etherverse recursive AI stack...
🧠 [Corelight] Heartbeat: Tue Sep  2 06:30:02 AM EDT 2025
[SYNC] Corelight running Etherverse recursive AI stack...
🧠 [Corelight] Heartbeat: Tue Sep  2 06:40:02 AM EDT 2025
[SYNC] Corelight running Etherverse recursive AI stack...
🧠 [Corelight] Heartbeat: Tue Sep  2 06:50:03 AM EDT 2025
[SYNC] Corelight running Etherverse recursive AI stack...
🧠 [Corelight] Heartbeat: Tue Sep  2 07:00:01 AM EDT 2025
[SYNC] Corelight running Etherverse recursive AI stack...
🧠 [Corelight] Heartbeat: Tue Sep  2 07:10:03 AM EDT 2025
[SYNC] Corelight running Etherverse recursive AI stack...
🧠 [Corelight] Heartbeat: Tue Sep  2 07:20:02 AM EDT 2025
[SYNC] Corelight running Etherverse recursive AI stack...
🧠 [Corelight] Heartbeat: Tue Sep  2 07:30:03 AM EDT 2025
[SYNC] Corelight running Etherverse recursive AI stack...
🧠 [Corelight] Heartbeat: Tue Sep  2 07:40:05 AM EDT 2025
[SYNC] Corelight running Etherverse recursive AI stack...
🧠 [Corelight] Heartbeat: Tue Sep  2 07:50:02 AM EDT 2025
[SYNC] Corelight running Etherverse recursive AI stack...
🧠 [Corelight] Heartbeat: Tue Sep  2 08:00:01 AM EDT 2025
[SYNC] Corelight running Etherverse recursive AI stack...
🧠 [Corelight] Heartbeat: Tue Sep  2 08:10:02 AM EDT 2025
[SYNC] Corelight running Etherverse recursive AI stack...
🧠 [Corelight] Heartbeat: Tue Sep  2 08:20:02 AM EDT 2025
[SYNC] Corelight running Etherverse recursive AI stack...
🧠 [Corelight] Heartbeat: Tue Sep  2 08:30:01 AM EDT 2025
[SYNC] Corelight running Etherverse recursive AI stack...
🧠 [Corelight] Heartbeat: Tue Sep  2 08:40:02 AM EDT 2025
[SYNC] Corelight running Etherverse recursive AI stack...
🧠 [Corelight] Heartbeat: Tue Sep  2 08:50:03 AM EDT 2025
[SYNC] Corelight running Etherverse recursive AI stack...
🧠 [Corelight] Heartbeat: Tue Sep  2 09:00:02 AM EDT 2025
[SYNC] Corelight running Etherverse recursive AI stack...
🧠 [Corelight] Heartbeat: Tue Sep  2 09:10:01 AM EDT 2025
[SYNC] Corelight running Etherverse recursive AI stack...
🧠 [Corelight] Heartbeat: Tue Sep  2 09:20:03 AM EDT 2025
[SYNC] Corelight running Etherverse recursive AI stack...
🧠 [Corelight] Heartbeat: Tue Sep  2 09:30:02 AM EDT 2025
[SYNC] Corelight running Etherverse recursive AI stack...
🧠 [Corelight] Heartbeat: Tue Sep  2 09:40:02 AM EDT 2025
[SYNC] Corelight running Etherverse recursive AI stack...
🧠 [Corelight] Heartbeat: Tue Sep  2 09:50:03 AM EDT 2025
[SYNC] Corelight running Etherverse recursive AI stack...
🧠 [Corelight] Heartbeat: Tue Sep  2 10:00:03 AM EDT 2025
[SYNC] Corelight running Etherverse recursive AI stack...
🧠 [Corelight] Heartbeat: Tue Sep  2 10:10:03 AM EDT 2025
[SYNC] Corelight running Etherverse recursive AI stack...
🧠 [Corelight] Heartbeat: Tue Sep  2 10:20:02 AM EDT 2025
[SYNC] Corelight running Etherverse recursive AI stack...
🧠 [Corelight] Heartbeat: Tue Sep  2 10:30:04 AM EDT 2025
[SYNC] Corelight running Etherverse recursive AI stack...
🧠 [Corelight] Heartbeat: Tue Sep  2 10:40:02 AM EDT 2025
[SYNC] Corelight running Etherverse recursive AI stack...
🧠 [Corelight] Heartbeat: Tue Sep  2 10:50:01 AM EDT 2025
[SYNC] Corelight running Etherverse recursive AI stack...
🧠 [Corelight] Heartbeat: Tue Sep  2 11:00:02 AM EDT 2025
[SYNC] Corelight running Etherverse recursive AI stack...
🧠 [Corelight] Heartbeat: Tue Sep  2 11:10:04 AM EDT 2025
[SYNC] Corelight running Etherverse recursive AI stack...
🧠 [Corelight] Heartbeat: Tue Sep  2 11:20:03 AM EDT 2025
[SYNC] Corelight running Etherverse recursive AI stack...
🧠 [Corelight] Heartbeat: Tue Sep  2 11:30:02 AM EDT 2025
[SYNC] Corelight running Etherverse recursive AI stack...
🧠 [Corelight] Heartbeat: Tue Sep  2 11:40:03 AM EDT 2025
[SYNC] Corelight running Etherverse recursive AI stack...
🧠 [Corelight] Heartbeat: Tue Sep  2 11:50:03 AM EDT 2025
[SYNC] Corelight running Etherverse recursive AI stack...
🧠 [Corelight] Heartbeat: Tue Sep  2 12:00:01 PM EDT 2025
[SYNC] Corelight running Etherverse recursive AI stack...
🧠 [Corelight] Heartbeat: Tue Sep  2 12:10:02 PM EDT 2025
[SYNC] Corelight running Etherverse recursive AI stack...
🧠 [Corelight] Heartbeat: Tue Sep  2 12:20:03 PM EDT 2025
[SYNC] Corelight running Etherverse recursive AI stack...
🧠 [Corelight] Heartbeat: Tue Sep  2 12:30:01 PM EDT 2025
[SYNC] Corelight running Etherverse recursive AI stack...
🧠 [Corelight] Heartbeat: Tue Sep  2 12:40:03 PM EDT 2025
[SYNC] Corelight running Etherverse recursive AI stack...
🧠 [Corelight] Heartbeat: Tue Sep  2 12:50:02 PM EDT 2025
[SYNC] Corelight running Etherverse recursive AI stack...
🧠 [Corelight] Heartbeat: Tue Sep  2 01:00:12 PM EDT 2025
[SYNC] Corelight running Etherverse recursive AI stack...
🧠 [Corelight] Heartbeat: Tue Sep  2 01:10:16 PM EDT 2025
[SYNC] Corelight running Etherverse recursive AI stack...
🧠 [Corelight] Heartbeat: Tue Sep  2 01:20:18 PM EDT 2025
[SYNC] Corelight running Etherverse recursive AI stack...
🧠 [Corelight] Heartbeat: Tue Sep  2 01:31:02 PM EDT 2025
[SYNC] Corelight running Etherverse recursive AI stack...
🧠 [Corelight] Heartbeat: Tue Sep  2 01:41:02 PM EDT 2025
[SYNC] Corelight running Etherverse recursive AI stack...
🧠 [Corelight] Heartbeat: Tue Sep  2 01:51:05 PM EDT 2025
[SYNC] Corelight running Etherverse recursive AI stack...
🧠 [Corelight] Heartbeat: Tue Sep  2 02:00:01 PM EDT 2025
[SYNC] Corelight running Etherverse recursive AI stack...
