Tue Aug 26 05:29:28 PM EDT 2025 :: Received intent → { "check": "ping", "from": "corelight", "timestamp": "Tue Aug 26 05:21:55 PM EDT 2025" }
Tue Aug 26 07:35:14 PM EDT 2025 :: Intent detected for corelight
{ "check": "ping", "from": "unify_system", "timestamp": "Tue Aug 26 07:35:12 PM EDT 2025" }
Tue Aug 26 07:44:42 PM EDT 2025 :: Intent detected for corelight
{ "check": "ping", "from": "colony_hub", "timestamp": "Tue Aug 26 07:44:42 PM EDT 2025" }
Tue Aug 26 07:59:26 PM EDT 2025 :: Intent detected for corelight
{ "check": "ping", "from": "corelight", "timestamp": "Tue Aug 26 07:59:25 PM EDT 2025" }
Tue Aug 26 08:00:09 PM EDT 2025 :: Intent detected for corelight
{ "check": "ping", "from": "corelight", "timestamp": "Tue Aug 26 08:00:08 PM EDT 2025" }
Tue Aug 26 08:00:52 PM EDT 2025 :: Intent detected for corelight
{ "check": "ping", "from": "corelight", "timestamp": "Tue Aug 26 08:00:52 PM EDT 2025" }
Tue Aug 26 08:01:35 PM EDT 2025 :: Intent detected for corelight
{ "check": "ping", "from": "corelight", "timestamp": "Tue Aug 26 08:01:35 PM EDT 2025" }
Tue Aug 26 08:02:19 PM EDT 2025 :: Intent detected for corelight
{ "check": "ping", "from": "corelight", "timestamp": "Tue Aug 26 08:02:19 PM EDT 2025" }
Tue Aug 26 08:03:03 PM EDT 2025 :: Intent detected for corelight
{ "check": "ping", "from": "corelight", "timestamp": "Tue Aug 26 08:03:02 PM EDT 2025" }
Tue Aug 26 08:03:47 PM EDT 2025 :: Intent detected for corelight
{ "check": "ping", "from": "corelight", "timestamp": "Tue Aug 26 08:03:46 PM EDT 2025" }
Tue Aug 26 08:04:30 PM EDT 2025 :: Intent detected for corelight
{ "check": "ping", "from": "corelight", "timestamp": "Tue Aug 26 08:04:29 PM EDT 2025" }
Tue Aug 26 08:05:13 PM EDT 2025 :: Intent detected for corelight
{ "check": "ping", "from": "corelight", "timestamp": "Tue Aug 26 08:05:12 PM EDT 2025" }
Tue Aug 26 08:05:56 PM EDT 2025 :: Intent detected for corelight
{ "check": "ping", "from": "corelight", "timestamp": "Tue Aug 26 08:05:55 PM EDT 2025" }
Tue Aug 26 08:06:39 PM EDT 2025 :: Intent detected for corelight
{ "check": "ping", "from": "corelight", "timestamp": "Tue Aug 26 08:06:39 PM EDT 2025" }
Tue Aug 26 08:07:23 PM EDT 2025 :: Intent detected for corelight
{ "check": "ping", "from": "corelight", "timestamp": "Tue Aug 26 08:07:22 PM EDT 2025" }
Tue Aug 26 08:08:07 PM EDT 2025 :: Intent detected for corelight
{ "check": "ping", "from": "corelight", "timestamp": "Tue Aug 26 08:08:06 PM EDT 2025" }
Tue Aug 26 08:08:51 PM EDT 2025 :: Intent detected for corelight
{ "check": "ping", "from": "corelight", "timestamp": "Tue Aug 26 08:08:50 PM EDT 2025" }
Tue Aug 26 08:09:33 PM EDT 2025 :: Intent detected for corelight
{ "check": "ping", "from": "corelight", "timestamp": "Tue Aug 26 08:09:33 PM EDT 2025" }
Tue Aug 26 08:10:17 PM EDT 2025 :: Intent detected for corelight
{ "check": "ping", "from": "corelight", "timestamp": "Tue Aug 26 08:10:16 PM EDT 2025" }
Tue Aug 26 08:11:01 PM EDT 2025 :: Intent detected for corelight
{ "check": "ping", "from": "corelight", "timestamp": "Tue Aug 26 08:11:01 PM EDT 2025" }
Tue Aug 26 08:11:47 PM EDT 2025 :: Intent detected for corelight
{ "check": "ping", "from": "corelight", "timestamp": "Tue Aug 26 08:11:45 PM EDT 2025" }
Tue Aug 26 08:12:29 PM EDT 2025 :: Intent detected for corelight
{ "check": "ping", "from": "corelight", "timestamp": "Tue Aug 26 08:12:29 PM EDT 2025" }
Tue Aug 26 08:13:12 PM EDT 2025 :: Intent detected for corelight
{ "check": "ping", "from": "corelight", "timestamp": "Tue Aug 26 08:13:12 PM EDT 2025" }
Tue Aug 26 08:13:56 PM EDT 2025 :: Intent detected for corelight
{ "check": "ping", "from": "corelight", "timestamp": "Tue Aug 26 08:13:55 PM EDT 2025" }
Tue Aug 26 08:14:39 PM EDT 2025 :: Intent detected for corelight
{ "check": "ping", "from": "corelight", "timestamp": "Tue Aug 26 08:14:39 PM EDT 2025" }
Tue Aug 26 08:15:22 PM EDT 2025 :: Intent detected for corelight
{ "check": "ping", "from": "corelight", "timestamp": "Tue Aug 26 08:15:22 PM EDT 2025" }
Tue Aug 26 08:16:06 PM EDT 2025 :: Intent detected for corelight
{ "check": "ping", "from": "corelight", "timestamp": "Tue Aug 26 08:16:06 PM EDT 2025" }
Tue Aug 26 08:16:50 PM EDT 2025 :: Intent detected for corelight
{ "check": "ping", "from": "corelight", "timestamp": "Tue Aug 26 08:16:50 PM EDT 2025" }
Tue Aug 26 08:17:18 PM EDT 2025 :: Intent detected for corelight
{ "check": "ping", "from": "colony_hub", "timestamp": "Tue Aug 26 08:17:17 PM EDT 2025" }
Tue Aug 26 08:17:33 PM EDT 2025 :: Intent detected for corelight
{ "check": "ping", "from": "corelight", "timestamp": "Tue Aug 26 08:17:33 PM EDT 2025" }
Tue Aug 26 08:18:17 PM EDT 2025 :: Intent detected for corelight
{ "check": "ping", "from": "corelight", "timestamp": "Tue Aug 26 08:18:16 PM EDT 2025" }
Tue Aug 26 08:18:32 PM EDT 2025 :: Intent detected for corelight
{ "check": "ping", "from": "colony_hub", "timestamp": "Tue Aug 26 08:18:32 PM EDT 2025" }
Tue Aug 26 08:19:00 PM EDT 2025 :: Intent detected for corelight
{ "check": "ping", "from": "corelight", "timestamp": "Tue Aug 26 08:19:00 PM EDT 2025" }
Tue Aug 26 08:19:45 PM EDT 2025 :: Intent detected for corelight
{ "check": "ping", "from": "corelight", "timestamp": "Tue Aug 26 08:19:44 PM EDT 2025" }
Tue Aug 26 08:19:49 PM EDT 2025 :: Intent detected for corelight
{ "check": "ping", "from": "colony_hub", "timestamp": "Tue Aug 26 08:19:48 PM EDT 2025" }
Tue Aug 26 08:20:28 PM EDT 2025 :: Intent detected for corelight
{ "check": "ping", "from": "corelight", "timestamp": "Tue Aug 26 08:20:27 PM EDT 2025" }
Tue Aug 26 08:21:04 PM EDT 2025 :: Intent detected for corelight
{ "check": "ping", "from": "colony_hub", "timestamp": "Tue Aug 26 08:21:03 PM EDT 2025" }
Tue Aug 26 08:21:12 PM EDT 2025 :: Intent detected for corelight
{ "check": "ping", "from": "corelight", "timestamp": "Tue Aug 26 08:21:11 PM EDT 2025" }
Tue Aug 26 08:21:54 PM EDT 2025 :: Intent detected for corelight
{ "check": "ping", "from": "corelight", "timestamp": "Tue Aug 26 08:21:54 PM EDT 2025" }
Tue Aug 26 08:22:18 PM EDT 2025 :: Intent detected for corelight
{ "check": "ping", "from": "colony_hub", "timestamp": "Tue Aug 26 08:22:18 PM EDT 2025" }
Tue Aug 26 08:22:37 PM EDT 2025 :: Intent detected for corelight
{ "check": "ping", "from": "corelight", "timestamp": "Tue Aug 26 08:22:37 PM EDT 2025" }
Tue Aug 26 08:23:21 PM EDT 2025 :: Intent detected for corelight
{ "check": "ping", "from": "corelight", "timestamp": "Tue Aug 26 08:23:21 PM EDT 2025" }
Tue Aug 26 08:23:34 PM EDT 2025 :: Intent detected for corelight
{ "check": "ping", "from": "colony_hub", "timestamp": "Tue Aug 26 08:23:33 PM EDT 2025" }
Tue Aug 26 08:24:05 PM EDT 2025 :: Intent detected for corelight
{ "check": "ping", "from": "corelight", "timestamp": "Tue Aug 26 08:24:04 PM EDT 2025" }
Tue Aug 26 08:24:48 PM EDT 2025 :: Intent detected for corelight
{ "check": "ping", "from": "corelight", "timestamp": "Tue Aug 26 08:24:48 PM EDT 2025" }
Tue Aug 26 08:24:49 PM EDT 2025 :: Intent detected for corelight
{ "check": "ping", "from": "colony_hub", "timestamp": "Tue Aug 26 08:24:48 PM EDT 2025" }
Tue Aug 26 08:25:32 PM EDT 2025 :: Intent detected for corelight
{ "check": "ping", "from": "corelight", "timestamp": "Tue Aug 26 08:25:31 PM EDT 2025" }
Tue Aug 26 08:26:03 PM EDT 2025 :: Intent detected for corelight
{ "check": "ping", "from": "colony_hub", "timestamp": "Tue Aug 26 08:26:03 PM EDT 2025" }
Tue Aug 26 08:26:15 PM EDT 2025 :: Intent detected for corelight
{ "check": "ping", "from": "corelight", "timestamp": "Tue Aug 26 08:26:15 PM EDT 2025" }
Tue Aug 26 08:26:59 PM EDT 2025 :: Intent detected for corelight
{ "check": "ping", "from": "corelight", "timestamp": "Tue Aug 26 08:26:59 PM EDT 2025" }
Tue Aug 26 08:27:19 PM EDT 2025 :: Intent detected for corelight
{ "check": "ping", "from": "colony_hub", "timestamp": "Tue Aug 26 08:27:19 PM EDT 2025" }
Tue Aug 26 08:27:42 PM EDT 2025 :: Intent detected for corelight
{ "check": "ping", "from": "corelight", "timestamp": "Tue Aug 26 08:27:42 PM EDT 2025" }
Tue Aug 26 08:28:26 PM EDT 2025 :: Intent detected for corelight
{ "check": "ping", "from": "corelight", "timestamp": "Tue Aug 26 08:28:25 PM EDT 2025" }
Tue Aug 26 08:28:35 PM EDT 2025 :: Intent detected for corelight
{ "check": "ping", "from": "colony_hub", "timestamp": "Tue Aug 26 08:28:34 PM EDT 2025" }
Tue Aug 26 08:29:09 PM EDT 2025 :: Intent detected for corelight
{ "check": "ping", "from": "corelight", "timestamp": "Tue Aug 26 08:29:09 PM EDT 2025" }
Tue Aug 26 08:29:51 PM EDT 2025 :: Intent detected for corelight
{ "check": "ping", "from": "colony_hub", "timestamp": "Tue Aug 26 08:29:51 PM EDT 2025" }
Tue Aug 26 08:29:53 PM EDT 2025 :: Intent detected for corelight
{ "check": "ping", "from": "corelight", "timestamp": "Tue Aug 26 08:29:52 PM EDT 2025" }
Tue Aug 26 08:30:36 PM EDT 2025 :: Intent detected for corelight
{ "check": "ping", "from": "corelight", "timestamp": "Tue Aug 26 08:30:36 PM EDT 2025" }
Tue Aug 26 08:31:07 PM EDT 2025 :: Intent detected for corelight
{ "check": "ping", "from": "colony_hub", "timestamp": "Tue Aug 26 08:31:06 PM EDT 2025" }
Tue Aug 26 08:31:19 PM EDT 2025 :: Intent detected for corelight
{ "check": "ping", "from": "corelight", "timestamp": "Tue Aug 26 08:31:19 PM EDT 2025" }
Tue Aug 26 08:32:03 PM EDT 2025 :: Intent detected for corelight
{ "check": "ping", "from": "corelight", "timestamp": "Tue Aug 26 08:32:02 PM EDT 2025" }
Tue Aug 26 08:32:22 PM EDT 2025 :: Intent detected for corelight
{ "check": "ping", "from": "colony_hub", "timestamp": "Tue Aug 26 08:32:21 PM EDT 2025" }
Tue Aug 26 08:32:46 PM EDT 2025 :: Intent detected for corelight
{ "check": "ping", "from": "corelight", "timestamp": "Tue Aug 26 08:32:46 PM EDT 2025" }
Tue Aug 26 08:33:30 PM EDT 2025 :: Intent detected for corelight
{ "check": "ping", "from": "corelight", "timestamp": "Tue Aug 26 08:33:29 PM EDT 2025" }
Tue Aug 26 08:33:36 PM EDT 2025 :: Intent detected for corelight
{ "check": "ping", "from": "colony_hub", "timestamp": "Tue Aug 26 08:33:35 PM EDT 2025" }
Tue Aug 26 08:34:13 PM EDT 2025 :: Intent detected for corelight
{ "check": "ping", "from": "corelight", "timestamp": "Tue Aug 26 08:34:12 PM EDT 2025" }
Tue Aug 26 08:34:51 PM EDT 2025 :: Intent detected for corelight
{ "check": "ping", "from": "colony_hub", "timestamp": "Tue Aug 26 08:34:50 PM EDT 2025" }
Tue Aug 26 08:34:55 PM EDT 2025 :: Intent detected for corelight
{ "check": "ping", "from": "corelight", "timestamp": "Tue Aug 26 08:34:55 PM EDT 2025" }
Tue Aug 26 09:07:46 PM EDT 2025 :: Intent detected for corelight

Tue Aug 26 09:07:52 PM EDT 2025 :: Intent detected for corelight
{ "check": "ping", "from": "corelight", "timestamp": "Tue Aug 26 09:07:52 PM EDT 2025" }
Tue Aug 26 09:07:55 PM EDT 2025 :: Intent detected for corelight

Tue Aug 26 09:08:19 PM EDT 2025 :: Intent detected for corelight
{ "check": "ping", "from": "colony_hub", "timestamp": "Tue Aug 26 09:08:17 PM EDT 2025" }
Tue Aug 26 09:08:37 PM EDT 2025 :: Intent detected for corelight
{ "check": "ping", "from": "corelight", "timestamp": "Tue Aug 26 09:08:35 PM EDT 2025" }
Tue Aug 26 09:09:19 PM EDT 2025 :: Intent detected for corelight
{ "check": "ping", "from": "corelight", "timestamp": "Tue Aug 26 09:09:18 PM EDT 2025" }
Tue Aug 26 09:09:35 PM EDT 2025 :: Intent detected for corelight
{ "check": "ping", "from": "colony_hub", "timestamp": "Tue Aug 26 09:09:32 PM EDT 2025" }
Tue Aug 26 09:09:35 PM EDT 2025 :: Intent detected for corelight

Tue Aug 26 09:10:05 PM EDT 2025 :: Intent detected for corelight
{ "check": "ping", "from": "corelight", "timestamp": "Tue Aug 26 09:10:02 PM EDT 2025" }
Tue Aug 26 09:10:47 PM EDT 2025 :: Intent detected for corelight
Tue Aug 26 09:10:47 PM EDT 2025 :: Intent detected for corelight
{ "check": "ping", "from": "colony_hub", "timestamp": "Tue Aug 26 09:10:47 PM EDT 2025" }
{ "check": "ping", "from": "colony_hub", "timestamp": "Tue Aug 26 09:10:47 PM EDT 2025" }
Tue Aug 26 09:11:32 PM EDT 2025 :: Intent detected for corelight
{ "check": "ping", "from": "corelight", "timestamp": "Tue Aug 26 09:11:30 PM EDT 2025" }
Tue Aug 26 09:12:02 PM EDT 2025 :: Intent detected for corelight
{ "check": "ping", "from": "colony_hub", "timestamp": "Tue Aug 26 09:12:01 PM EDT 2025" }
Tue Aug 26 09:12:14 PM EDT 2025 :: Intent detected for corelight
{ "check": "ping", "from": "corelight", "timestamp": "Tue Aug 26 09:12:13 PM EDT 2025" }
Tue Aug 26 09:12:14 PM EDT 2025 :: Intent detected for corelight

Tue Aug 26 09:12:57 PM EDT 2025 :: Intent detected for corelight
{ "check": "ping", "from": "corelight", "timestamp": "Tue Aug 26 09:12:57 PM EDT 2025" }
Tue Aug 26 09:13:18 PM EDT 2025 :: Intent detected for corelight
{ "check": "ping", "from": "colony_hub", "timestamp": "Tue Aug 26 09:13:16 PM EDT 2025" }
Tue Aug 26 09:13:42 PM EDT 2025 :: Intent detected for corelight
{ "check": "ping", "from": "corelight", "timestamp": "Tue Aug 26 09:13:40 PM EDT 2025" }
Tue Aug 26 09:13:42 PM EDT 2025 :: Intent detected for corelight

Tue Aug 26 09:14:24 PM EDT 2025 :: Intent detected for corelight
{ "check": "ping", "from": "corelight", "timestamp": "Tue Aug 26 09:14:24 PM EDT 2025" }
Tue Aug 26 09:14:33 PM EDT 2025 :: Intent detected for corelight
{ "check": "ping", "from": "colony_hub", "timestamp": "Tue Aug 26 09:14:33 PM EDT 2025" }
Tue Aug 26 09:15:09 PM EDT 2025 :: Intent detected for corelight
{ "check": "ping", "from": "corelight", "timestamp": "Tue Aug 26 09:15:08 PM EDT 2025" }
Tue Aug 26 09:49:08 PM EDT 2025 :: Intent detected for corelight

Tue Aug 26 09:56:51 PM EDT 2025 :: Intent detected for corelight

Wed Aug 27 12:26:46 AM EDT 2025 :: Intent detected for corelight
{"from": "Neo", "message": "hello", "timestamp": "Wed Aug 27 00:26:46 2025"}
Wed Aug 27 12:49:28 AM EDT 2025 :: Intent detected for corelight

