Tue Aug 26 07:44:32 PM EDT 2025 :: Intent detected
{ "check": "ping", "from": "corelight", "timestamp": "Tue Aug 26 05:21:55 PM EDT 2025" }
Tue Aug 26 07:44:44 PM EDT 2025 :: Intent detected
{ "check": "ping", "from": "colony_hub", "timestamp": "Tue Aug 26 07:44:42 PM EDT 2025" }
Tue Aug 26 07:59:36 PM EDT 2025 :: Intent detected
{ "check": "ping", "from": "corelight", "timestamp": "Tue Aug 26 07:59:33 PM EDT 2025" }
Tue Aug 26 08:00:18 PM EDT 2025 :: Intent detected
{ "check": "ping", "from": "corelight", "timestamp": "Tue Aug 26 08:00:17 PM EDT 2025" }
Tue Aug 26 08:01:00 PM EDT 2025 :: Intent detected
{ "check": "ping", "from": "corelight", "timestamp": "Tue Aug 26 08:01:00 PM EDT 2025" }
Tue Aug 26 08:01:46 PM EDT 2025 :: Intent detected
{ "check": "ping", "from": "corelight", "timestamp": "Tue Aug 26 08:01:44 PM EDT 2025" }
Tue Aug 26 08:02:28 PM EDT 2025 :: Intent detected
{ "check": "ping", "from": "corelight", "timestamp": "Tue Aug 26 08:02:27 PM EDT 2025" }
Tue Aug 26 08:03:13 PM EDT 2025 :: Intent detected
{ "check": "ping", "from": "corelight", "timestamp": "Tue Aug 26 08:03:10 PM EDT 2025" }
Tue Aug 26 08:03:55 PM EDT 2025 :: Intent detected
{ "check": "ping", "from": "corelight", "timestamp": "Tue Aug 26 08:03:54 PM EDT 2025" }
Tue Aug 26 08:04:37 PM EDT 2025 :: Intent detected
{ "check": "ping", "from": "corelight", "timestamp": "Tue Aug 26 08:04:37 PM EDT 2025" }
Tue Aug 26 08:05:22 PM EDT 2025 :: Intent detected
{ "check": "ping", "from": "corelight", "timestamp": "Tue Aug 26 08:05:20 PM EDT 2025" }
Tue Aug 26 08:06:04 PM EDT 2025 :: Intent detected
{ "check": "ping", "from": "corelight", "timestamp": "Tue Aug 26 08:06:04 PM EDT 2025" }
Tue Aug 26 08:06:50 PM EDT 2025 :: Intent detected
{ "check": "ping", "from": "corelight", "timestamp": "Tue Aug 26 08:06:47 PM EDT 2025" }
Tue Aug 26 08:07:32 PM EDT 2025 :: Intent detected
{ "check": "ping", "from": "corelight", "timestamp": "Tue Aug 26 08:07:30 PM EDT 2025" }
Tue Aug 26 08:08:17 PM EDT 2025 :: Intent detected
{ "check": "ping", "from": "corelight", "timestamp": "Tue Aug 26 08:08:14 PM EDT 2025" }
Tue Aug 26 08:08:59 PM EDT 2025 :: Intent detected
{ "check": "ping", "from": "corelight", "timestamp": "Tue Aug 26 08:08:58 PM EDT 2025" }
Tue Aug 26 08:09:42 PM EDT 2025 :: Intent detected
{ "check": "ping", "from": "corelight", "timestamp": "Tue Aug 26 08:09:41 PM EDT 2025" }
Tue Aug 26 08:10:27 PM EDT 2025 :: Intent detected
{ "check": "ping", "from": "corelight", "timestamp": "Tue Aug 26 08:10:25 PM EDT 2025" }
Tue Aug 26 08:11:10 PM EDT 2025 :: Intent detected
{ "check": "ping", "from": "corelight", "timestamp": "Tue Aug 26 08:11:10 PM EDT 2025" }
Tue Aug 26 08:11:55 PM EDT 2025 :: Intent detected
{ "check": "ping", "from": "corelight", "timestamp": "Tue Aug 26 08:11:53 PM EDT 2025" }
Tue Aug 26 08:12:38 PM EDT 2025 :: Intent detected
{ "check": "ping", "from": "corelight", "timestamp": "Tue Aug 26 08:12:37 PM EDT 2025" }
Tue Aug 26 08:13:23 PM EDT 2025 :: Intent detected
{ "check": "ping", "from": "corelight", "timestamp": "Tue Aug 26 08:13:20 PM EDT 2025" }
Tue Aug 26 08:14:05 PM EDT 2025 :: Intent detected
{ "check": "ping", "from": "corelight", "timestamp": "Tue Aug 26 08:14:04 PM EDT 2025" }
Tue Aug 26 08:14:47 PM EDT 2025 :: Intent detected
{ "check": "ping", "from": "corelight", "timestamp": "Tue Aug 26 08:14:47 PM EDT 2025" }
Tue Aug 26 08:15:33 PM EDT 2025 :: Intent detected
{ "check": "ping", "from": "corelight", "timestamp": "Tue Aug 26 08:15:31 PM EDT 2025" }
Tue Aug 26 08:16:15 PM EDT 2025 :: Intent detected
{ "check": "ping", "from": "corelight", "timestamp": "Tue Aug 26 08:16:15 PM EDT 2025" }
Tue Aug 26 08:17:00 PM EDT 2025 :: Intent detected
{ "check": "ping", "from": "corelight", "timestamp": "Tue Aug 26 08:16:58 PM EDT 2025" }
Tue Aug 26 08:17:27 PM EDT 2025 :: Intent detected
{ "check": "ping", "from": "colony_hub", "timestamp": "Tue Aug 26 08:17:26 PM EDT 2025" }
Tue Aug 26 08:17:33 PM EDT 2025 :: Intent detected
{ "intent": "generate_financial_opportunities", "from": "colony_autonomy" }
Tue Aug 26 08:17:42 PM EDT 2025 :: Intent detected
{ "check": "ping", "from": "corelight", "timestamp": "Tue Aug 26 08:17:41 PM EDT 2025" }
Tue Aug 26 08:18:27 PM EDT 2025 :: Intent detected
{ "check": "ping", "from": "corelight", "timestamp": "Tue Aug 26 08:18:24 PM EDT 2025" }
Tue Aug 26 08:18:42 PM EDT 2025 :: Intent detected
Tue Aug 26 08:18:42 PM EDT 2025 :: Intent detected
{ "check": "ping", "from": "colony_hub", "timestamp": "Tue Aug 26 08:18:41 PM EDT 2025" }

Tue Aug 26 08:18:49 PM EDT 2025 :: Intent detected
{ "intent": "generate_financial_opportunities", "from": "colony_autonomy" }
Tue Aug 26 08:19:10 PM EDT 2025 :: Intent detected
{ "check": "ping", "from": "corelight", "timestamp": "Tue Aug 26 08:19:08 PM EDT 2025" }
Tue Aug 26 08:19:55 PM EDT 2025 :: Intent detected
{ "check": "ping", "from": "corelight", "timestamp": "Tue Aug 26 08:19:52 PM EDT 2025" }
Tue Aug 26 08:19:55 PM EDT 2025 :: Intent detected

Tue Aug 26 08:19:58 PM EDT 2025 :: Intent detected
{ "check": "ping", "from": "colony_hub", "timestamp": "Tue Aug 26 08:19:58 PM EDT 2025" }
Tue Aug 26 08:19:58 PM EDT 2025 :: Intent detected

Tue Aug 26 08:20:04 PM EDT 2025 :: Intent detected
Tue Aug 26 08:20:04 PM EDT 2025 :: Intent detected
{ "intent": "generate_financial_opportunities", "from": "colony_autonomy" }

Tue Aug 26 08:20:37 PM EDT 2025 :: Intent detected
{ "check": "ping", "from": "corelight", "timestamp": "Tue Aug 26 08:20:36 PM EDT 2025" }
Tue Aug 26 08:20:37 PM EDT 2025 :: Intent detected

Tue Aug 26 08:21:13 PM EDT 2025 :: Intent detected
{ "check": "ping", "from": "colony_hub", "timestamp": "Tue Aug 26 08:21:13 PM EDT 2025" }
Tue Aug 26 08:21:13 PM EDT 2025 :: Intent detected

Tue Aug 26 08:21:19 PM EDT 2025 :: Intent detected
Tue Aug 26 08:21:19 PM EDT 2025 :: Intent detected
{ "check": "ping", "from": "corelight", "timestamp": "Tue Aug 26 08:21:19 PM EDT 2025" }
{ "check": "ping", "from": "corelight", "timestamp": "Tue Aug 26 08:21:19 PM EDT 2025" }
Tue Aug 26 08:22:04 PM EDT 2025 :: Intent detected
{ "check": "ping", "from": "corelight", "timestamp": "Tue Aug 26 08:22:02 PM EDT 2025" }
Tue Aug 26 08:22:28 PM EDT 2025 :: Intent detected
{ "check": "ping", "from": "colony_hub", "timestamp": "Tue Aug 26 08:22:27 PM EDT 2025" }
Tue Aug 26 08:22:34 PM EDT 2025 :: Intent detected
{ "intent": "generate_financial_opportunities", "from": "colony_autonomy" }
Tue Aug 26 08:22:46 PM EDT 2025 :: Intent detected
{ "check": "ping", "from": "corelight", "timestamp": "Tue Aug 26 08:22:45 PM EDT 2025" }
Tue Aug 26 08:23:32 PM EDT 2025 :: Intent detected
{ "check": "ping", "from": "corelight", "timestamp": "Tue Aug 26 08:23:29 PM EDT 2025" }
Tue Aug 26 08:23:44 PM EDT 2025 :: Intent detected
{ "check": "ping", "from": "colony_hub", "timestamp": "Tue Aug 26 08:23:42 PM EDT 2025" }
Tue Aug 26 08:23:50 PM EDT 2025 :: Intent detected
{ "intent": "generate_financial_opportunities", "from": "colony_autonomy" }
Tue Aug 26 08:24:14 PM EDT 2025 :: Intent detected
{ "check": "ping", "from": "corelight", "timestamp": "Tue Aug 26 08:24:12 PM EDT 2025" }
Tue Aug 26 08:24:56 PM EDT 2025 :: Intent detected
{ "check": "ping", "from": "corelight", "timestamp": "Tue Aug 26 08:24:56 PM EDT 2025" }
Tue Aug 26 08:24:59 PM EDT 2025 :: Intent detected
{ "check": "ping", "from": "colony_hub", "timestamp": "Tue Aug 26 08:24:57 PM EDT 2025" }
Tue Aug 26 08:25:03 PM EDT 2025 :: Intent detected
{ "intent": "generate_financial_opportunities", "from": "colony_autonomy" }
Tue Aug 26 08:25:41 PM EDT 2025 :: Intent detected
{ "check": "ping", "from": "corelight", "timestamp": "Tue Aug 26 08:25:40 PM EDT 2025" }
Tue Aug 26 08:26:14 PM EDT 2025 :: Intent detected
{ "check": "ping", "from": "colony_hub", "timestamp": "Tue Aug 26 08:26:13 PM EDT 2025" }
Tue Aug 26 08:26:21 PM EDT 2025 :: Intent detected
{ "intent": "generate_financial_opportunities", "from": "colony_autonomy" }
Tue Aug 26 08:26:24 PM EDT 2025 :: Intent detected
{ "check": "ping", "from": "corelight", "timestamp": "Tue Aug 26 08:26:23 PM EDT 2025" }
Tue Aug 26 08:27:07 PM EDT 2025 :: Intent detected
{ "check": "ping", "from": "corelight", "timestamp": "Tue Aug 26 08:27:07 PM EDT 2025" }
Tue Aug 26 08:27:30 PM EDT 2025 :: Intent detected
{ "check": "ping", "from": "colony_hub", "timestamp": "Tue Aug 26 08:27:28 PM EDT 2025" }
Tue Aug 26 08:27:34 PM EDT 2025 :: Intent detected
{ "intent": "generate_financial_opportunities", "from": "colony_autonomy" }
Tue Aug 26 08:27:51 PM EDT 2025 :: Intent detected
{ "check": "ping", "from": "corelight", "timestamp": "Tue Aug 26 08:27:50 PM EDT 2025" }
Tue Aug 26 08:28:34 PM EDT 2025 :: Intent detected
{ "check": "ping", "from": "corelight", "timestamp": "Tue Aug 26 08:28:33 PM EDT 2025" }
Tue Aug 26 08:28:45 PM EDT 2025 :: Intent detected
{ "check": "ping", "from": "colony_hub", "timestamp": "Tue Aug 26 08:28:44 PM EDT 2025" }
Tue Aug 26 08:28:51 PM EDT 2025 :: Intent detected
{ "intent": "generate_financial_opportunities", "from": "colony_autonomy" }
Tue Aug 26 08:29:18 PM EDT 2025 :: Intent detected
{ "check": "ping", "from": "corelight", "timestamp": "Tue Aug 26 08:29:17 PM EDT 2025" }
Tue Aug 26 08:30:01 PM EDT 2025 :: Intent detected
{ "check": "ping", "from": "colony_hub", "timestamp": "Tue Aug 26 08:30:01 PM EDT 2025" }
Tue Aug 26 08:30:02 PM EDT 2025 :: Intent detected
{ "check": "ping", "from": "corelight", "timestamp": "Tue Aug 26 08:30:01 PM EDT 2025" }
Tue Aug 26 08:30:07 PM EDT 2025 :: Intent detected
{ "intent": "generate_financial_opportunities", "from": "colony_autonomy" }
Tue Aug 26 08:30:46 PM EDT 2025 :: Intent detected
{ "check": "ping", "from": "corelight", "timestamp": "Tue Aug 26 08:30:44 PM EDT 2025" }
Tue Aug 26 08:31:16 PM EDT 2025 :: Intent detected
{ "check": "ping", "from": "colony_hub", "timestamp": "Tue Aug 26 08:31:15 PM EDT 2025" }
Tue Aug 26 08:31:22 PM EDT 2025 :: Intent detected
{ "intent": "generate_financial_opportunities", "from": "colony_autonomy" }
Tue Aug 26 08:31:28 PM EDT 2025 :: Intent detected
{ "check": "ping", "from": "corelight", "timestamp": "Tue Aug 26 08:31:27 PM EDT 2025" }
Tue Aug 26 08:32:11 PM EDT 2025 :: Intent detected
{ "check": "ping", "from": "corelight", "timestamp": "Tue Aug 26 08:32:10 PM EDT 2025" }
Tue Aug 26 08:32:31 PM EDT 2025 :: Intent detected
{ "check": "ping", "from": "colony_hub", "timestamp": "Tue Aug 26 08:32:30 PM EDT 2025" }
Tue Aug 26 08:32:37 PM EDT 2025 :: Intent detected
{ "intent": "generate_financial_opportunities", "from": "colony_autonomy" }
Tue Aug 26 08:32:55 PM EDT 2025 :: Intent detected
{ "check": "ping", "from": "corelight", "timestamp": "Tue Aug 26 08:32:54 PM EDT 2025" }
Tue Aug 26 08:33:38 PM EDT 2025 :: Intent detected
{ "check": "ping", "from": "corelight", "timestamp": "Tue Aug 26 08:33:37 PM EDT 2025" }
Tue Aug 26 08:33:46 PM EDT 2025 :: Intent detected
{ "check": "ping", "from": "colony_hub", "timestamp": "Tue Aug 26 08:33:44 PM EDT 2025" }
Tue Aug 26 08:33:50 PM EDT 2025 :: Intent detected
{ "intent": "generate_financial_opportunities", "from": "colony_autonomy" }
Tue Aug 26 08:34:22 PM EDT 2025 :: Intent detected
{ "check": "ping", "from": "corelight", "timestamp": "Tue Aug 26 08:34:20 PM EDT 2025" }
Tue Aug 26 08:34:59 PM EDT 2025 :: Intent detected
{ "check": "ping", "from": "colony_hub", "timestamp": "Tue Aug 26 08:34:58 PM EDT 2025" }
Tue Aug 26 09:07:19 PM EDT 2025 :: Intent detected
{ "intent": "generate_financial_opportunities", "from": "colony_autonomy" }
Tue Aug 26 09:07:46 PM EDT 2025 :: Intent detected

Tue Aug 26 09:07:55 PM EDT 2025 :: Intent detected

Tue Aug 26 09:08:01 PM EDT 2025 :: Intent detected
{ "check": "ping", "from": "corelight", "timestamp": "Tue Aug 26 09:08:00 PM EDT 2025" }
Tue Aug 26 09:08:24 PM EDT 2025 :: Running financial intelligence cycle...
Tue Aug 26 09:08:28 PM EDT 2025 :: Intent detected
{ "check": "ping", "from": "colony_hub", "timestamp": "Tue Aug 26 09:08:27 PM EDT 2025" }
Tue Aug 26 09:08:34 PM EDT 2025 :: Intent detected
{ "intent": "generate_financial_opportunities", "from": "colony_autonomy" }
Tue Aug 26 09:08:43 PM EDT 2025 :: Intent detected
{ "check": "ping", "from": "corelight", "timestamp": "Tue Aug 26 09:08:43 PM EDT 2025" }
Tue Aug 26 09:09:24 PM EDT 2025 :: Running financial intelligence cycle...
Tue Aug 26 09:09:29 PM EDT 2025 :: Intent detected
{ "check": "ping", "from": "corelight", "timestamp": "Tue Aug 26 09:09:27 PM EDT 2025" }
Tue Aug 26 09:09:41 PM EDT 2025 :: Intent detected
{ "check": "ping", "from": "colony_hub", "timestamp": "Tue Aug 26 09:09:41 PM EDT 2025" }
Tue Aug 26 09:09:47 PM EDT 2025 :: Intent detected
{ "intent": "generate_financial_opportunities", "from": "colony_autonomy" }
Tue Aug 26 09:10:12 PM EDT 2025 :: Intent detected
{ "check": "ping", "from": "corelight", "timestamp": "Tue Aug 26 09:10:11 PM EDT 2025" }
Tue Aug 26 09:10:25 PM EDT 2025 :: Running financial intelligence cycle...
Tue Aug 26 09:10:56 PM EDT 2025 :: Intent detected
{ "check": "ping", "from": "colony_hub", "timestamp": "Tue Aug 26 09:10:55 PM EDT 2025" }
Tue Aug 26 09:11:02 PM EDT 2025 :: Intent detected
{ "intent": "generate_financial_opportunities", "from": "colony_autonomy" }
Tue Aug 26 09:11:25 PM EDT 2025 :: Running financial intelligence cycle...
Tue Aug 26 09:11:38 PM EDT 2025 :: Intent detected
{ "check": "ping", "from": "corelight", "timestamp": "Tue Aug 26 09:11:38 PM EDT 2025" }
Tue Aug 26 09:12:12 PM EDT 2025 :: Intent detected
{ "check": "ping", "from": "colony_hub", "timestamp": "Tue Aug 26 09:12:10 PM EDT 2025" }
Tue Aug 26 09:12:18 PM EDT 2025 :: Intent detected
{ "intent": "generate_financial_opportunities", "from": "colony_autonomy" }
Tue Aug 26 09:12:24 PM EDT 2025 :: Intent detected
{ "check": "ping", "from": "corelight", "timestamp": "Tue Aug 26 09:12:22 PM EDT 2025" }
Tue Aug 26 09:12:25 PM EDT 2025 :: Running financial intelligence cycle...
Tue Aug 26 09:13:06 PM EDT 2025 :: Intent detected
{ "check": "ping", "from": "corelight", "timestamp": "Tue Aug 26 09:13:05 PM EDT 2025" }
Tue Aug 26 09:13:25 PM EDT 2025 :: Running financial intelligence cycle...
Tue Aug 26 09:13:28 PM EDT 2025 :: Intent detected
{ "check": "ping", "from": "colony_hub", "timestamp": "Tue Aug 26 09:13:27 PM EDT 2025" }
Tue Aug 26 09:13:34 PM EDT 2025 :: Intent detected
{ "intent": "generate_financial_opportunities", "from": "colony_autonomy" }
Tue Aug 26 09:13:49 PM EDT 2025 :: Intent detected
{ "check": "ping", "from": "corelight", "timestamp": "Tue Aug 26 09:13:49 PM EDT 2025" }
Tue Aug 26 09:14:25 PM EDT 2025 :: Running financial intelligence cycle...
Tue Aug 26 09:14:34 PM EDT 2025 :: Intent detected
{ "check": "ping", "from": "corelight", "timestamp": "Tue Aug 26 09:14:33 PM EDT 2025" }
Tue Aug 26 09:14:43 PM EDT 2025 :: Intent detected
{ "check": "ping", "from": "colony_hub", "timestamp": "Tue Aug 26 09:14:43 PM EDT 2025" }
Tue Aug 26 09:14:49 PM EDT 2025 :: Intent detected
{ "intent": "generate_financial_opportunities", "from": "colony_autonomy" }
Tue Aug 26 09:15:16 PM EDT 2025 :: Intent detected
{ "check": "ping", "from": "corelight", "timestamp": "Tue Aug 26 09:15:16 PM EDT 2025" }
Tue Aug 26 09:49:08 PM EDT 2025 :: Intent detected

Tue Aug 26 09:56:51 PM EDT 2025 :: Intent detected

