Tue Aug 26 07:35:13 PM EDT 2025 :: Intent detected for lumi
{ "check": "ping", "from": "unify_system", "timestamp": "Tue Aug 26 07:35:12 PM EDT 2025" }
Tue Aug 26 07:44:43 PM EDT 2025 :: Intent detected for lumi
{ "check": "ping", "from": "colony_hub", "timestamp": "Tue Aug 26 07:44:42 PM EDT 2025" }
Tue Aug 26 07:59:27 PM EDT 2025 :: Intent detected for lumi
{ "check": "ping", "from": "corelight", "timestamp": "Tue Aug 26 07:59:27 PM EDT 2025" }
Tue Aug 26 08:00:11 PM EDT 2025 :: Intent detected for lumi
{ "check": "ping", "from": "corelight", "timestamp": "Tue Aug 26 08:00:10 PM EDT 2025" }
Tue Aug 26 08:00:54 PM EDT 2025 :: Intent detected for lumi
{ "check": "ping", "from": "corelight", "timestamp": "Tue Aug 26 08:00:54 PM EDT 2025" }
Tue Aug 26 08:01:38 PM EDT 2025 :: Intent detected for lumi
{ "check": "ping", "from": "corelight", "timestamp": "Tue Aug 26 08:01:38 PM EDT 2025" }
Tue Aug 26 08:02:22 PM EDT 2025 :: Intent detected for lumi
{ "check": "ping", "from": "corelight", "timestamp": "Tue Aug 26 08:02:21 PM EDT 2025" }
Tue Aug 26 08:03:05 PM EDT 2025 :: Intent detected for lumi
{ "check": "ping", "from": "corelight", "timestamp": "Tue Aug 26 08:03:04 PM EDT 2025" }
Tue Aug 26 08:03:49 PM EDT 2025 :: Intent detected for lumi
{ "check": "ping", "from": "corelight", "timestamp": "Tue Aug 26 08:03:48 PM EDT 2025" }
Tue Aug 26 08:04:31 PM EDT 2025 :: Intent detected for lumi
{ "check": "ping", "from": "corelight", "timestamp": "Tue Aug 26 08:04:31 PM EDT 2025" }
Tue Aug 26 08:05:14 PM EDT 2025 :: Intent detected for lumi
{ "check": "ping", "from": "corelight", "timestamp": "Tue Aug 26 08:05:14 PM EDT 2025" }
Tue Aug 26 08:05:58 PM EDT 2025 :: Intent detected for lumi
{ "check": "ping", "from": "corelight", "timestamp": "Tue Aug 26 08:05:57 PM EDT 2025" }
Tue Aug 26 08:06:42 PM EDT 2025 :: Intent detected for lumi
Tue Aug 26 08:06:42 PM EDT 2025 :: Intent detected for lumi
{ "check": "ping", "from": "corelight", "timestamp": "Tue Aug 26 08:06:41 PM EDT 2025" }
{ "check": "ping", "from": "corelight", "timestamp": "Tue Aug 26 08:06:41 PM EDT 2025" }
Tue Aug 26 08:07:26 PM EDT 2025 :: Intent detected for lumi
{ "check": "ping", "from": "corelight", "timestamp": "Tue Aug 26 08:07:24 PM EDT 2025" }
Tue Aug 26 08:08:08 PM EDT 2025 :: Intent detected for lumi
{ "check": "ping", "from": "corelight", "timestamp": "Tue Aug 26 08:08:08 PM EDT 2025" }
Tue Aug 26 08:08:53 PM EDT 2025 :: Intent detected for lumi
{ "check": "ping", "from": "corelight", "timestamp": "Tue Aug 26 08:08:52 PM EDT 2025" }
Tue Aug 26 08:09:35 PM EDT 2025 :: Intent detected for lumi
{ "check": "ping", "from": "corelight", "timestamp": "Tue Aug 26 08:09:35 PM EDT 2025" }
Tue Aug 26 08:10:19 PM EDT 2025 :: Intent detected for lumi
{ "check": "ping", "from": "corelight", "timestamp": "Tue Aug 26 08:10:19 PM EDT 2025" }
Tue Aug 26 08:11:04 PM EDT 2025 :: Intent detected for lumi
{ "check": "ping", "from": "corelight", "timestamp": "Tue Aug 26 08:11:03 PM EDT 2025" }
Tue Aug 26 08:11:04 PM EDT 2025 :: Intent detected for lumi
Tue Aug 26 08:11:04 PM EDT 2025 :: Intent detected for lumi
{ "check": "ping", "from": "corelight", "timestamp": "Tue Aug 26 08:11:03 PM EDT 2025" }

Tue Aug 26 08:11:50 PM EDT 2025 :: Intent detected for lumi
{ "check": "ping", "from": "corelight", "timestamp": "Tue Aug 26 08:11:47 PM EDT 2025" }
Tue Aug 26 08:12:32 PM EDT 2025 :: Intent detected for lumi
{ "check": "ping", "from": "corelight", "timestamp": "Tue Aug 26 08:12:31 PM EDT 2025" }
Tue Aug 26 08:13:14 PM EDT 2025 :: Intent detected for lumi
{ "check": "ping", "from": "corelight", "timestamp": "Tue Aug 26 08:13:14 PM EDT 2025" }
Tue Aug 26 08:13:59 PM EDT 2025 :: Intent detected for lumi
{ "check": "ping", "from": "corelight", "timestamp": "Tue Aug 26 08:13:57 PM EDT 2025" }
Tue Aug 26 08:14:42 PM EDT 2025 :: Intent detected for lumi
{ "check": "ping", "from": "corelight", "timestamp": "Tue Aug 26 08:14:41 PM EDT 2025" }
Tue Aug 26 08:15:27 PM EDT 2025 :: Intent detected for lumi
{ "check": "ping", "from": "corelight", "timestamp": "Tue Aug 26 08:15:24 PM EDT 2025" }
Tue Aug 26 08:16:09 PM EDT 2025 :: Intent detected for lumi
Tue Aug 26 08:16:09 PM EDT 2025 :: Intent detected for lumi
{ "check": "ping", "from": "corelight", "timestamp": "Tue Aug 26 08:16:08 PM EDT 2025" }

Tue Aug 26 08:16:54 PM EDT 2025 :: Intent detected for lumi
{ "check": "ping", "from": "corelight", "timestamp": "Tue Aug 26 08:16:52 PM EDT 2025" }
Tue Aug 26 08:17:21 PM EDT 2025 :: Intent detected for lumi
{ "check": "ping", "from": "colony_hub", "timestamp": "Tue Aug 26 08:17:19 PM EDT 2025" }
Tue Aug 26 08:17:36 PM EDT 2025 :: Intent detected for lumi
{ "check": "ping", "from": "corelight", "timestamp": "Tue Aug 26 08:17:35 PM EDT 2025" }
Tue Aug 26 08:18:18 PM EDT 2025 :: Intent detected for lumi
{ "check": "ping", "from": "corelight", "timestamp": "Tue Aug 26 08:18:18 PM EDT 2025" }
Tue Aug 26 08:18:36 PM EDT 2025 :: Intent detected for lumi
{ "check": "ping", "from": "colony_hub", "timestamp": "Tue Aug 26 08:18:34 PM EDT 2025" }
Tue Aug 26 08:19:04 PM EDT 2025 :: Intent detected for lumi
{ "check": "ping", "from": "corelight", "timestamp": "Tue Aug 26 08:19:02 PM EDT 2025" }
Tue Aug 26 08:19:46 PM EDT 2025 :: Intent detected for lumi
{ "check": "ping", "from": "corelight", "timestamp": "Tue Aug 26 08:19:46 PM EDT 2025" }
Tue Aug 26 08:19:52 PM EDT 2025 :: Intent detected for lumi
{ "check": "ping", "from": "colony_hub", "timestamp": "Tue Aug 26 08:19:50 PM EDT 2025" }
Tue Aug 26 08:20:31 PM EDT 2025 :: Intent detected for lumi
{ "check": "ping", "from": "corelight", "timestamp": "Tue Aug 26 08:20:29 PM EDT 2025" }
Tue Aug 26 08:21:07 PM EDT 2025 :: Intent detected for lumi
{ "check": "ping", "from": "colony_hub", "timestamp": "Tue Aug 26 08:21:06 PM EDT 2025" }
Tue Aug 26 08:21:13 PM EDT 2025 :: Intent detected for lumi
{ "check": "ping", "from": "corelight", "timestamp": "Tue Aug 26 08:21:13 PM EDT 2025" }
Tue Aug 26 08:21:58 PM EDT 2025 :: Intent detected for lumi
{ "check": "ping", "from": "corelight", "timestamp": "Tue Aug 26 08:21:56 PM EDT 2025" }
Tue Aug 26 08:22:22 PM EDT 2025 :: Intent detected for lumi
{ "check": "ping", "from": "colony_hub", "timestamp": "Tue Aug 26 08:22:20 PM EDT 2025" }
Tue Aug 26 08:22:40 PM EDT 2025 :: Intent detected for lumi
{ "check": "ping", "from": "corelight", "timestamp": "Tue Aug 26 08:22:39 PM EDT 2025" }
Tue Aug 26 08:23:23 PM EDT 2025 :: Intent detected for lumi
{ "check": "ping", "from": "corelight", "timestamp": "Tue Aug 26 08:23:23 PM EDT 2025" }
Tue Aug 26 08:23:37 PM EDT 2025 :: Intent detected for lumi
{ "check": "ping", "from": "colony_hub", "timestamp": "Tue Aug 26 08:23:35 PM EDT 2025" }
Tue Aug 26 08:24:08 PM EDT 2025 :: Intent detected for lumi
{ "check": "ping", "from": "corelight", "timestamp": "Tue Aug 26 08:24:06 PM EDT 2025" }
Tue Aug 26 08:24:50 PM EDT 2025 :: Intent detected for lumi
{ "check": "ping", "from": "corelight", "timestamp": "Tue Aug 26 08:24:50 PM EDT 2025" }
Tue Aug 26 08:24:51 PM EDT 2025 :: Intent detected for lumi
{ "check": "ping", "from": "colony_hub", "timestamp": "Tue Aug 26 08:24:51 PM EDT 2025" }
Tue Aug 26 08:25:35 PM EDT 2025 :: Intent detected for lumi
{ "check": "ping", "from": "corelight", "timestamp": "Tue Aug 26 08:25:33 PM EDT 2025" }
Tue Aug 26 08:26:05 PM EDT 2025 :: Intent detected for lumi
{ "check": "ping", "from": "colony_hub", "timestamp": "Tue Aug 26 08:26:05 PM EDT 2025" }
Tue Aug 26 08:26:17 PM EDT 2025 :: Intent detected for lumi
{ "check": "ping", "from": "corelight", "timestamp": "Tue Aug 26 08:26:17 PM EDT 2025" }
Tue Aug 26 08:27:02 PM EDT 2025 :: Intent detected for lumi
{ "check": "ping", "from": "corelight", "timestamp": "Tue Aug 26 08:27:01 PM EDT 2025" }
Tue Aug 26 08:27:21 PM EDT 2025 :: Intent detected for lumi
{ "check": "ping", "from": "colony_hub", "timestamp": "Tue Aug 26 08:27:21 PM EDT 2025" }
Tue Aug 26 08:27:45 PM EDT 2025 :: Intent detected for lumi
{ "check": "ping", "from": "corelight", "timestamp": "Tue Aug 26 08:27:44 PM EDT 2025" }
Tue Aug 26 08:28:27 PM EDT 2025 :: Intent detected for lumi
{ "check": "ping", "from": "corelight", "timestamp": "Tue Aug 26 08:28:27 PM EDT 2025" }
Tue Aug 26 08:28:37 PM EDT 2025 :: Intent detected for lumi
{ "check": "ping", "from": "colony_hub", "timestamp": "Tue Aug 26 08:28:36 PM EDT 2025" }
Tue Aug 26 08:28:37 PM EDT 2025 :: Intent detected for lumi

Tue Aug 26 08:29:12 PM EDT 2025 :: Intent detected for lumi
{ "check": "ping", "from": "corelight", "timestamp": "Tue Aug 26 08:29:11 PM EDT 2025" }
Tue Aug 26 08:29:54 PM EDT 2025 :: Intent detected for lumi
{ "check": "ping", "from": "colony_hub", "timestamp": "Tue Aug 26 08:29:54 PM EDT 2025" }
Tue Aug 26 08:29:55 PM EDT 2025 :: Intent detected for lumi
{ "check": "ping", "from": "corelight", "timestamp": "Tue Aug 26 08:29:55 PM EDT 2025" }
Tue Aug 26 08:30:39 PM EDT 2025 :: Intent detected for lumi
{ "check": "ping", "from": "corelight", "timestamp": "Tue Aug 26 08:30:38 PM EDT 2025" }
Tue Aug 26 08:31:09 PM EDT 2025 :: Intent detected for lumi
{ "check": "ping", "from": "colony_hub", "timestamp": "Tue Aug 26 08:31:09 PM EDT 2025" }
Tue Aug 26 08:31:21 PM EDT 2025 :: Intent detected for lumi
{ "check": "ping", "from": "corelight", "timestamp": "Tue Aug 26 08:31:21 PM EDT 2025" }
Tue Aug 26 08:32:06 PM EDT 2025 :: Intent detected for lumi
{ "check": "ping", "from": "corelight", "timestamp": "Tue Aug 26 08:32:04 PM EDT 2025" }
Tue Aug 26 08:32:24 PM EDT 2025 :: Intent detected for lumi
{ "check": "ping", "from": "colony_hub", "timestamp": "Tue Aug 26 08:32:23 PM EDT 2025" }
Tue Aug 26 08:32:48 PM EDT 2025 :: Intent detected for lumi
{ "check": "ping", "from": "corelight", "timestamp": "Tue Aug 26 08:32:48 PM EDT 2025" }
Tue Aug 26 08:33:31 PM EDT 2025 :: Intent detected for lumi
{ "check": "ping", "from": "corelight", "timestamp": "Tue Aug 26 08:33:31 PM EDT 2025" }
Tue Aug 26 08:33:39 PM EDT 2025 :: Intent detected for lumi
{ "check": "ping", "from": "colony_hub", "timestamp": "Tue Aug 26 08:33:38 PM EDT 2025" }
Tue Aug 26 08:34:16 PM EDT 2025 :: Intent detected for lumi
{ "check": "ping", "from": "corelight", "timestamp": "Tue Aug 26 08:34:14 PM EDT 2025" }
Tue Aug 26 08:34:52 PM EDT 2025 :: Intent detected for lumi
{ "check": "ping", "from": "colony_hub", "timestamp": "Tue Aug 26 08:34:52 PM EDT 2025" }
Tue Aug 26 08:34:58 PM EDT 2025 :: Intent detected for lumi
{ "check": "ping", "from": "corelight", "timestamp": "Tue Aug 26 08:34:57 PM EDT 2025" }
Tue Aug 26 09:07:46 PM EDT 2025 :: Intent detected for lumi

Tue Aug 26 09:07:55 PM EDT 2025 :: Intent detected for lumi

Tue Aug 26 09:08:22 PM EDT 2025 :: Intent detected for lumi
{ "check": "ping", "from": "colony_hub", "timestamp": "Tue Aug 26 09:08:20 PM EDT 2025" }
Tue Aug 26 09:08:37 PM EDT 2025 :: Intent detected for lumi
{ "check": "ping", "from": "corelight", "timestamp": "Tue Aug 26 09:08:37 PM EDT 2025" }
Tue Aug 26 09:09:22 PM EDT 2025 :: Intent detected for lumi
{ "check": "ping", "from": "corelight", "timestamp": "Tue Aug 26 09:09:21 PM EDT 2025" }
Tue Aug 26 09:09:34 PM EDT 2025 :: Intent detected for lumi
{ "check": "ping", "from": "colony_hub", "timestamp": "Tue Aug 26 09:09:34 PM EDT 2025" }
Tue Aug 26 09:10:05 PM EDT 2025 :: Intent detected for lumi
{ "check": "ping", "from": "corelight", "timestamp": "Tue Aug 26 09:10:05 PM EDT 2025" }
Tue Aug 26 09:10:05 PM EDT 2025 :: Intent detected for lumi

Tue Aug 26 09:10:50 PM EDT 2025 :: Intent detected for lumi
{ "check": "ping", "from": "colony_hub", "timestamp": "Tue Aug 26 09:10:49 PM EDT 2025" }
Tue Aug 26 09:11:32 PM EDT 2025 :: Intent detected for lumi
{ "check": "ping", "from": "corelight", "timestamp": "Tue Aug 26 09:11:32 PM EDT 2025" }
Tue Aug 26 09:12:05 PM EDT 2025 :: Intent detected for lumi
{ "check": "ping", "from": "colony_hub", "timestamp": "Tue Aug 26 09:12:04 PM EDT 2025" }
Tue Aug 26 09:12:17 PM EDT 2025 :: Intent detected for lumi
{ "check": "ping", "from": "corelight", "timestamp": "Tue Aug 26 09:12:15 PM EDT 2025" }
Tue Aug 26 09:12:17 PM EDT 2025 :: Intent detected for lumi

Tue Aug 26 09:13:00 PM EDT 2025 :: Intent detected for lumi
Tue Aug 26 09:13:00 PM EDT 2025 :: Intent detected for lumi
{ "check": "ping", "from": "corelight", "timestamp": "Tue Aug 26 09:12:59 PM EDT 2025" }

Tue Aug 26 09:13:00 PM EDT 2025 :: Intent detected for lumi

Tue Aug 26 09:13:19 PM EDT 2025 :: Intent detected for lumi
{ "check": "ping", "from": "colony_hub", "timestamp": "Tue Aug 26 09:13:18 PM EDT 2025" }
Tue Aug 26 09:13:43 PM EDT 2025 :: Intent detected for lumi
{ "check": "ping", "from": "corelight", "timestamp": "Tue Aug 26 09:13:42 PM EDT 2025" }
Tue Aug 26 09:14:27 PM EDT 2025 :: Intent detected for lumi
{ "check": "ping", "from": "corelight", "timestamp": "Tue Aug 26 09:14:26 PM EDT 2025" }
Tue Aug 26 09:14:36 PM EDT 2025 :: Intent detected for lumi
{ "check": "ping", "from": "colony_hub", "timestamp": "Tue Aug 26 09:14:36 PM EDT 2025" }
Tue Aug 26 09:15:10 PM EDT 2025 :: Intent detected for lumi
{ "check": "ping", "from": "corelight", "timestamp": "Tue Aug 26 09:15:10 PM EDT 2025" }
Tue Aug 26 09:49:08 PM EDT 2025 :: Intent detected for lumi

Tue Aug 26 09:56:51 PM EDT 2025 :: Intent detected for lumi

Wed Aug 27 12:49:29 AM EDT 2025 :: Intent detected for lumi

