Tue Aug 26 07:35:14 PM EDT 2025 :: Intent detected for senti
{ "check": "ping", "from": "unify_system", "timestamp": "Tue Aug 26 07:35:12 PM EDT 2025" }
Tue Aug 26 07:44:43 PM EDT 2025 :: Intent detected for senti
{ "check": "ping", "from": "colony_hub", "timestamp": "Tue Aug 26 07:44:42 PM EDT 2025" }
Tue Aug 26 07:59:29 PM EDT 2025 :: Intent detected for senti
{ "check": "ping", "from": "corelight", "timestamp": "Tue Aug 26 07:59:28 PM EDT 2025" }
Tue Aug 26 08:00:14 PM EDT 2025 :: Intent detected for senti
{ "check": "ping", "from": "corelight", "timestamp": "Tue Aug 26 08:00:11 PM EDT 2025" }
Tue Aug 26 08:00:56 PM EDT 2025 :: Intent detected for senti
{ "check": "ping", "from": "corelight", "timestamp": "Tue Aug 26 08:00:55 PM EDT 2025" }
Tue Aug 26 08:01:41 PM EDT 2025 :: Intent detected for senti
{ "check": "ping", "from": "corelight", "timestamp": "Tue Aug 26 08:01:39 PM EDT 2025" }
Tue Aug 26 08:02:23 PM EDT 2025 :: Intent detected for senti
{ "check": "ping", "from": "corelight", "timestamp": "Tue Aug 26 08:02:22 PM EDT 2025" }
Tue Aug 26 08:03:06 PM EDT 2025 :: Intent detected for senti
{ "check": "ping", "from": "corelight", "timestamp": "Tue Aug 26 08:03:05 PM EDT 2025" }
Tue Aug 26 08:03:50 PM EDT 2025 :: Intent detected for senti
{ "check": "ping", "from": "corelight", "timestamp": "Tue Aug 26 08:03:49 PM EDT 2025" }
Tue Aug 26 08:04:33 PM EDT 2025 :: Intent detected for senti
{ "check": "ping", "from": "corelight", "timestamp": "Tue Aug 26 08:04:32 PM EDT 2025" }
Tue Aug 26 08:05:18 PM EDT 2025 :: Intent detected for senti
{ "check": "ping", "from": "corelight", "timestamp": "Tue Aug 26 08:05:15 PM EDT 2025" }
Tue Aug 26 08:06:00 PM EDT 2025 :: Intent detected for senti
{ "check": "ping", "from": "corelight", "timestamp": "Tue Aug 26 08:05:58 PM EDT 2025" }
Tue Aug 26 08:06:42 PM EDT 2025 :: Intent detected for senti
{ "check": "ping", "from": "corelight", "timestamp": "Tue Aug 26 08:06:42 PM EDT 2025" }
Tue Aug 26 08:07:27 PM EDT 2025 :: Intent detected for senti
{ "check": "ping", "from": "corelight", "timestamp": "Tue Aug 26 08:07:25 PM EDT 2025" }
Tue Aug 26 08:08:10 PM EDT 2025 :: Intent detected for senti
{ "check": "ping", "from": "corelight", "timestamp": "Tue Aug 26 08:08:09 PM EDT 2025" }
Tue Aug 26 08:08:55 PM EDT 2025 :: Intent detected for senti
{ "check": "ping", "from": "corelight", "timestamp": "Tue Aug 26 08:08:53 PM EDT 2025" }
Tue Aug 26 08:09:37 PM EDT 2025 :: Intent detected for senti
Tue Aug 26 08:09:37 PM EDT 2025 :: Intent detected for senti
{ "check": "ping", "from": "corelight", "timestamp": "Tue Aug 26 08:09:36 PM EDT 2025" }
{ "check": "ping", "from": "corelight", "timestamp": "Tue Aug 26 08:09:36 PM EDT 2025" }
Tue Aug 26 08:10:22 PM EDT 2025 :: Intent detected for senti
Tue Aug 26 08:10:22 PM EDT 2025 :: Intent detected for senti
{ "check": "ping", "from": "corelight", "timestamp": "Tue Aug 26 08:10:20 PM EDT 2025" }
{ "check": "ping", "from": "corelight", "timestamp": "Tue Aug 26 08:10:20 PM EDT 2025" }
Tue Aug 26 08:10:22 PM EDT 2025 :: Intent detected for senti

Tue Aug 26 08:11:05 PM EDT 2025 :: Intent detected for senti
{ "check": "ping", "from": "corelight", "timestamp": "Tue Aug 26 08:11:04 PM EDT 2025" }
Tue Aug 26 08:11:05 PM EDT 2025 :: Intent detected for senti
{ "check": "ping", "from": "corelight", "timestamp": "Tue Aug 26 08:11:04 PM EDT 2025" }
Tue Aug 26 08:11:50 PM EDT 2025 :: Intent detected for senti
{ "check": "ping", "from": "corelight", "timestamp": "Tue Aug 26 08:11:48 PM EDT 2025" }
Tue Aug 26 08:12:33 PM EDT 2025 :: Intent detected for senti
Tue Aug 26 08:12:33 PM EDT 2025 :: Intent detected for senti
{ "check": "ping", "from": "corelight", "timestamp": "Tue Aug 26 08:12:32 PM EDT 2025" }

Tue Aug 26 08:13:15 PM EDT 2025 :: Intent detected for senti
{ "check": "ping", "from": "corelight", "timestamp": "Tue Aug 26 08:13:15 PM EDT 2025" }
Tue Aug 26 08:14:00 PM EDT 2025 :: Intent detected for senti
{ "check": "ping", "from": "corelight", "timestamp": "Tue Aug 26 08:13:58 PM EDT 2025" }
Tue Aug 26 08:14:42 PM EDT 2025 :: Intent detected for senti
{ "check": "ping", "from": "corelight", "timestamp": "Tue Aug 26 08:14:42 PM EDT 2025" }
Tue Aug 26 08:15:27 PM EDT 2025 :: Intent detected for senti
{ "check": "ping", "from": "corelight", "timestamp": "Tue Aug 26 08:15:25 PM EDT 2025" }
Tue Aug 26 08:16:09 PM EDT 2025 :: Intent detected for senti
Tue Aug 26 08:16:09 PM EDT 2025 :: Intent detected for senti
{ "check": "ping", "from": "corelight", "timestamp": "Tue Aug 26 08:16:09 PM EDT 2025" }
{ "check": "ping", "from": "corelight", "timestamp": "Tue Aug 26 08:16:09 PM EDT 2025" }
Tue Aug 26 08:16:55 PM EDT 2025 :: Intent detected for senti
{ "check": "ping", "from": "corelight", "timestamp": "Tue Aug 26 08:16:53 PM EDT 2025" }
Tue Aug 26 08:17:21 PM EDT 2025 :: Intent detected for senti
{ "check": "ping", "from": "colony_hub", "timestamp": "Tue Aug 26 08:17:21 PM EDT 2025" }
Tue Aug 26 08:17:36 PM EDT 2025 :: Intent detected for senti
{ "check": "ping", "from": "corelight", "timestamp": "Tue Aug 26 08:17:36 PM EDT 2025" }
Tue Aug 26 08:18:19 PM EDT 2025 :: Intent detected for senti
{ "check": "ping", "from": "corelight", "timestamp": "Tue Aug 26 08:18:19 PM EDT 2025" }
Tue Aug 26 08:18:36 PM EDT 2025 :: Intent detected for senti
{ "check": "ping", "from": "colony_hub", "timestamp": "Tue Aug 26 08:18:35 PM EDT 2025" }
Tue Aug 26 08:19:04 PM EDT 2025 :: Intent detected for senti
{ "check": "ping", "from": "corelight", "timestamp": "Tue Aug 26 08:19:03 PM EDT 2025" }
Tue Aug 26 08:19:47 PM EDT 2025 :: Intent detected for senti
{ "check": "ping", "from": "corelight", "timestamp": "Tue Aug 26 08:19:47 PM EDT 2025" }
Tue Aug 26 08:19:52 PM EDT 2025 :: Intent detected for senti
{ "check": "ping", "from": "colony_hub", "timestamp": "Tue Aug 26 08:19:51 PM EDT 2025" }
Tue Aug 26 08:20:31 PM EDT 2025 :: Intent detected for senti
{ "check": "ping", "from": "corelight", "timestamp": "Tue Aug 26 08:20:30 PM EDT 2025" }
Tue Aug 26 08:21:07 PM EDT 2025 :: Intent detected for senti
{ "check": "ping", "from": "colony_hub", "timestamp": "Tue Aug 26 08:21:07 PM EDT 2025" }
Tue Aug 26 08:21:14 PM EDT 2025 :: Intent detected for senti
{ "check": "ping", "from": "corelight", "timestamp": "Tue Aug 26 08:21:14 PM EDT 2025" }
Tue Aug 26 08:21:58 PM EDT 2025 :: Intent detected for senti
{ "check": "ping", "from": "corelight", "timestamp": "Tue Aug 26 08:21:57 PM EDT 2025" }
Tue Aug 26 08:22:22 PM EDT 2025 :: Intent detected for senti
{ "check": "ping", "from": "colony_hub", "timestamp": "Tue Aug 26 08:22:21 PM EDT 2025" }
Tue Aug 26 08:22:40 PM EDT 2025 :: Intent detected for senti
{ "check": "ping", "from": "corelight", "timestamp": "Tue Aug 26 08:22:40 PM EDT 2025" }
Tue Aug 26 08:23:26 PM EDT 2025 :: Intent detected for senti
{ "check": "ping", "from": "corelight", "timestamp": "Tue Aug 26 08:23:24 PM EDT 2025" }
Tue Aug 26 08:23:38 PM EDT 2025 :: Intent detected for senti
{ "check": "ping", "from": "colony_hub", "timestamp": "Tue Aug 26 08:23:36 PM EDT 2025" }
Tue Aug 26 08:24:08 PM EDT 2025 :: Intent detected for senti
{ "check": "ping", "from": "corelight", "timestamp": "Tue Aug 26 08:24:07 PM EDT 2025" }
Tue Aug 26 08:24:51 PM EDT 2025 :: Intent detected for senti
{ "check": "ping", "from": "corelight", "timestamp": "Tue Aug 26 08:24:51 PM EDT 2025" }
Tue Aug 26 08:24:53 PM EDT 2025 :: Intent detected for senti
{ "check": "ping", "from": "colony_hub", "timestamp": "Tue Aug 26 08:24:52 PM EDT 2025" }
Tue Aug 26 08:25:35 PM EDT 2025 :: Intent detected for senti
{ "check": "ping", "from": "corelight", "timestamp": "Tue Aug 26 08:25:34 PM EDT 2025" }
Tue Aug 26 08:26:09 PM EDT 2025 :: Intent detected for senti
{ "check": "ping", "from": "colony_hub", "timestamp": "Tue Aug 26 08:26:06 PM EDT 2025" }
Tue Aug 26 08:26:18 PM EDT 2025 :: Intent detected for senti
{ "check": "ping", "from": "corelight", "timestamp": "Tue Aug 26 08:26:18 PM EDT 2025" }
Tue Aug 26 08:27:03 PM EDT 2025 :: Intent detected for senti
{ "check": "ping", "from": "corelight", "timestamp": "Tue Aug 26 08:27:02 PM EDT 2025" }
Tue Aug 26 08:27:24 PM EDT 2025 :: Intent detected for senti
{ "check": "ping", "from": "colony_hub", "timestamp": "Tue Aug 26 08:27:22 PM EDT 2025" }
Tue Aug 26 08:27:45 PM EDT 2025 :: Intent detected for senti
{ "check": "ping", "from": "corelight", "timestamp": "Tue Aug 26 08:27:45 PM EDT 2025" }
Tue Aug 26 08:28:30 PM EDT 2025 :: Intent detected for senti
{ "check": "ping", "from": "corelight", "timestamp": "Tue Aug 26 08:28:28 PM EDT 2025" }
Tue Aug 26 08:28:39 PM EDT 2025 :: Intent detected for senti
{ "check": "ping", "from": "colony_hub", "timestamp": "Tue Aug 26 08:28:38 PM EDT 2025" }
Tue Aug 26 08:29:12 PM EDT 2025 :: Intent detected for senti
{ "check": "ping", "from": "corelight", "timestamp": "Tue Aug 26 08:29:12 PM EDT 2025" }
Tue Aug 26 08:29:55 PM EDT 2025 :: Intent detected for senti
{ "check": "ping", "from": "colony_hub", "timestamp": "Tue Aug 26 08:29:55 PM EDT 2025" }
Tue Aug 26 08:29:57 PM EDT 2025 :: Intent detected for senti
{ "check": "ping", "from": "corelight", "timestamp": "Tue Aug 26 08:29:56 PM EDT 2025" }
Tue Aug 26 08:30:39 PM EDT 2025 :: Intent detected for senti
{ "check": "ping", "from": "corelight", "timestamp": "Tue Aug 26 08:30:39 PM EDT 2025" }
Tue Aug 26 08:30:39 PM EDT 2025 :: Intent detected for senti

Tue Aug 26 08:31:10 PM EDT 2025 :: Intent detected for senti
{ "check": "ping", "from": "colony_hub", "timestamp": "Tue Aug 26 08:31:10 PM EDT 2025" }
Tue Aug 26 08:31:24 PM EDT 2025 :: Intent detected for senti
{ "check": "ping", "from": "corelight", "timestamp": "Tue Aug 26 08:31:22 PM EDT 2025" }
Tue Aug 26 08:31:24 PM EDT 2025 :: Intent detected for senti

Tue Aug 26 08:32:06 PM EDT 2025 :: Intent detected for senti
Tue Aug 26 08:32:06 PM EDT 2025 :: Intent detected for senti
{ "check": "ping", "from": "corelight", "timestamp": "Tue Aug 26 08:32:05 PM EDT 2025" }
{ "check": "ping", "from": "corelight", "timestamp": "Tue Aug 26 08:32:05 PM EDT 2025" }
Tue Aug 26 08:32:25 PM EDT 2025 :: Intent detected for senti
Tue Aug 26 08:32:25 PM EDT 2025 :: Intent detected for senti
{ "check": "ping", "from": "colony_hub", "timestamp": "Tue Aug 26 08:32:24 PM EDT 2025" }
{ "check": "ping", "from": "colony_hub", "timestamp": "Tue Aug 26 08:32:24 PM EDT 2025" }
Tue Aug 26 08:32:49 PM EDT 2025 :: Intent detected for senti
{ "check": "ping", "from": "corelight", "timestamp": "Tue Aug 26 08:32:49 PM EDT 2025" }
Tue Aug 26 08:33:34 PM EDT 2025 :: Intent detected for senti
{ "check": "ping", "from": "corelight", "timestamp": "Tue Aug 26 08:33:32 PM EDT 2025" }
Tue Aug 26 08:33:40 PM EDT 2025 :: Intent detected for senti
{ "check": "ping", "from": "colony_hub", "timestamp": "Tue Aug 26 08:33:39 PM EDT 2025" }
Tue Aug 26 08:34:16 PM EDT 2025 :: Intent detected for senti
{ "check": "ping", "from": "corelight", "timestamp": "Tue Aug 26 08:34:15 PM EDT 2025" }
Tue Aug 26 08:34:55 PM EDT 2025 :: Intent detected for senti
Tue Aug 26 08:34:55 PM EDT 2025 :: Intent detected for senti
{ "check": "ping", "from": "colony_hub", "timestamp": "Tue Aug 26 08:34:53 PM EDT 2025" }
{ "check": "ping", "from": "colony_hub", "timestamp": "Tue Aug 26 08:34:53 PM EDT 2025" }
Tue Aug 26 08:34:58 PM EDT 2025 :: Intent detected for senti
{ "check": "ping", "from": "corelight", "timestamp": "Tue Aug 26 08:34:58 PM EDT 2025" }
Tue Aug 26 09:07:46 PM EDT 2025 :: Intent detected for senti

Tue Aug 26 09:07:55 PM EDT 2025 :: Intent detected for senti

Tue Aug 26 09:08:22 PM EDT 2025 :: Intent detected for senti
{ "check": "ping", "from": "colony_hub", "timestamp": "Tue Aug 26 09:08:21 PM EDT 2025" }
Tue Aug 26 09:08:40 PM EDT 2025 :: Intent detected for senti
Tue Aug 26 09:08:40 PM EDT 2025 :: Intent detected for senti
{ "check": "ping", "from": "corelight", "timestamp": "Tue Aug 26 09:08:38 PM EDT 2025" }
{ "check": "ping", "from": "corelight", "timestamp": "Tue Aug 26 09:08:38 PM EDT 2025" }
Tue Aug 26 09:09:23 PM EDT 2025 :: Intent detected for senti
{ "check": "ping", "from": "corelight", "timestamp": "Tue Aug 26 09:09:22 PM EDT 2025" }
Tue Aug 26 09:09:23 PM EDT 2025 :: Intent detected for senti

Tue Aug 26 09:09:38 PM EDT 2025 :: Intent detected for senti
Tue Aug 26 09:09:38 PM EDT 2025 :: Intent detected for senti
{ "check": "ping", "from": "colony_hub", "timestamp": "Tue Aug 26 09:09:36 PM EDT 2025" }

Tue Aug 26 09:10:08 PM EDT 2025 :: Intent detected for senti
Tue Aug 26 09:10:08 PM EDT 2025 :: Intent detected for senti
{ "check": "ping", "from": "corelight", "timestamp": "Tue Aug 26 09:10:06 PM EDT 2025" }
{ "check": "ping", "from": "corelight", "timestamp": "Tue Aug 26 09:10:06 PM EDT 2025" }
Tue Aug 26 09:10:50 PM EDT 2025 :: Intent detected for senti
{ "check": "ping", "from": "colony_hub", "timestamp": "Tue Aug 26 09:10:50 PM EDT 2025" }
Tue Aug 26 09:11:35 PM EDT 2025 :: Intent detected for senti
{ "check": "ping", "from": "corelight", "timestamp": "Tue Aug 26 09:11:33 PM EDT 2025" }
Tue Aug 26 09:12:05 PM EDT 2025 :: Intent detected for senti
{ "check": "ping", "from": "colony_hub", "timestamp": "Tue Aug 26 09:12:05 PM EDT 2025" }
Tue Aug 26 09:12:17 PM EDT 2025 :: Intent detected for senti
{ "check": "ping", "from": "corelight", "timestamp": "Tue Aug 26 09:12:16 PM EDT 2025" }
Tue Aug 26 09:13:00 PM EDT 2025 :: Intent detected for senti
{ "check": "ping", "from": "corelight", "timestamp": "Tue Aug 26 09:13:00 PM EDT 2025" }
Tue Aug 26 09:13:21 PM EDT 2025 :: Intent detected for senti
{ "check": "ping", "from": "colony_hub", "timestamp": "Tue Aug 26 09:13:20 PM EDT 2025" }
Tue Aug 26 09:13:45 PM EDT 2025 :: Intent detected for senti
{ "check": "ping", "from": "corelight", "timestamp": "Tue Aug 26 09:13:44 PM EDT 2025" }
Tue Aug 26 09:14:27 PM EDT 2025 :: Intent detected for senti
{ "check": "ping", "from": "corelight", "timestamp": "Tue Aug 26 09:14:27 PM EDT 2025" }
Tue Aug 26 09:14:28 PM EDT 2025 :: Intent detected for senti

Tue Aug 26 09:14:40 PM EDT 2025 :: Intent detected for senti
{ "check": "ping", "from": "colony_hub", "timestamp": "Tue Aug 26 09:14:37 PM EDT 2025" }
Tue Aug 26 09:15:13 PM EDT 2025 :: Intent detected for senti
{ "check": "ping", "from": "corelight", "timestamp": "Tue Aug 26 09:15:11 PM EDT 2025" }
Tue Aug 26 09:49:08 PM EDT 2025 :: Intent detected for senti

Tue Aug 26 09:56:51 PM EDT 2025 :: Intent detected for senti

Tue Aug 26 09:56:51 PM EDT 2025 :: Intent detected for senti

Wed Aug 27 12:29:57 AM EDT 2025 :: Intent detected for senti
{"from": "Neo", "message": "hello", "timestamp": "Wed Aug 27 00:29:55 2025"}
Wed Aug 27 12:29:57 AM EDT 2025 :: Intent detected for senti

Wed Aug 27 12:29:57 AM EDT 2025 :: Intent detected for senti

Wed Aug 27 12:49:29 AM EDT 2025 :: Intent detected for senti

