Tue Aug 26 07:35:15 PM EDT 2025 :: Intent detected for vita
{ "check": "ping", "from": "unify_system", "timestamp": "Tue Aug 26 07:35:12 PM EDT 2025" }
Tue Aug 26 07:44:43 PM EDT 2025 :: Intent detected for vita
{ "check": "ping", "from": "colony_hub", "timestamp": "Tue Aug 26 07:44:42 PM EDT 2025" }
Tue Aug 26 07:59:29 PM EDT 2025 :: Intent detected for vita
{ "check": "ping", "from": "corelight", "timestamp": "Tue Aug 26 07:59:29 PM EDT 2025" }
Tue Aug 26 08:00:14 PM EDT 2025 :: Intent detected for vita
{ "check": "ping", "from": "corelight", "timestamp": "Tue Aug 26 08:00:12 PM EDT 2025" }
Tue Aug 26 08:00:56 PM EDT 2025 :: Intent detected for vita
{ "check": "ping", "from": "corelight", "timestamp": "Tue Aug 26 08:00:56 PM EDT 2025" }
Tue Aug 26 08:01:42 PM EDT 2025 :: Intent detected for vita
{ "check": "ping", "from": "corelight", "timestamp": "Tue Aug 26 08:01:40 PM EDT 2025" }
Tue Aug 26 08:02:24 PM EDT 2025 :: Intent detected for vita
{ "check": "ping", "from": "corelight", "timestamp": "Tue Aug 26 08:02:23 PM EDT 2025" }
Tue Aug 26 08:03:07 PM EDT 2025 :: Intent detected for vita
{ "check": "ping", "from": "corelight", "timestamp": "Tue Aug 26 08:03:06 PM EDT 2025" }
Tue Aug 26 08:03:51 PM EDT 2025 :: Intent detected for vita
{ "check": "ping", "from": "corelight", "timestamp": "Tue Aug 26 08:03:50 PM EDT 2025" }
Tue Aug 26 08:04:33 PM EDT 2025 :: Intent detected for vita
{ "check": "ping", "from": "corelight", "timestamp": "Tue Aug 26 08:04:33 PM EDT 2025" }
Tue Aug 26 08:05:16 PM EDT 2025 :: Intent detected for vita
{ "check": "ping", "from": "corelight", "timestamp": "Tue Aug 26 08:05:16 PM EDT 2025" }
Tue Aug 26 08:06:00 PM EDT 2025 :: Intent detected for vita
{ "check": "ping", "from": "corelight", "timestamp": "Tue Aug 26 08:05:59 PM EDT 2025" }
Tue Aug 26 08:06:43 PM EDT 2025 :: Intent detected for vita
{ "check": "ping", "from": "corelight", "timestamp": "Tue Aug 26 08:06:43 PM EDT 2025" }
Tue Aug 26 08:07:28 PM EDT 2025 :: Intent detected for vita
{ "check": "ping", "from": "corelight", "timestamp": "Tue Aug 26 08:07:26 PM EDT 2025" }
Tue Aug 26 08:08:10 PM EDT 2025 :: Intent detected for vita
{ "check": "ping", "from": "corelight", "timestamp": "Tue Aug 26 08:08:10 PM EDT 2025" }
Tue Aug 26 08:08:55 PM EDT 2025 :: Intent detected for vita
{ "check": "ping", "from": "corelight", "timestamp": "Tue Aug 26 08:08:54 PM EDT 2025" }
Tue Aug 26 08:09:37 PM EDT 2025 :: Intent detected for vita
{ "check": "ping", "from": "corelight", "timestamp": "Tue Aug 26 08:09:37 PM EDT 2025" }
Tue Aug 26 08:10:23 PM EDT 2025 :: Intent detected for vita
{ "check": "ping", "from": "corelight", "timestamp": "Tue Aug 26 08:10:21 PM EDT 2025" }
Tue Aug 26 08:11:06 PM EDT 2025 :: Intent detected for vita
{ "check": "ping", "from": "corelight", "timestamp": "Tue Aug 26 08:11:05 PM EDT 2025" }
Tue Aug 26 08:11:49 PM EDT 2025 :: Intent detected for vita
{ "check": "ping", "from": "corelight", "timestamp": "Tue Aug 26 08:11:49 PM EDT 2025" }
Tue Aug 26 08:12:33 PM EDT 2025 :: Intent detected for vita
{ "check": "ping", "from": "corelight", "timestamp": "Tue Aug 26 08:12:33 PM EDT 2025" }
Tue Aug 26 08:13:17 PM EDT 2025 :: Intent detected for vita
{ "check": "ping", "from": "corelight", "timestamp": "Tue Aug 26 08:13:16 PM EDT 2025" }
Tue Aug 26 08:14:00 PM EDT 2025 :: Intent detected for vita
{ "check": "ping", "from": "corelight", "timestamp": "Tue Aug 26 08:13:59 PM EDT 2025" }
Tue Aug 26 08:14:44 PM EDT 2025 :: Intent detected for vita
{ "check": "ping", "from": "corelight", "timestamp": "Tue Aug 26 08:14:43 PM EDT 2025" }
Tue Aug 26 08:15:27 PM EDT 2025 :: Intent detected for vita
{ "check": "ping", "from": "corelight", "timestamp": "Tue Aug 26 08:15:26 PM EDT 2025" }
Tue Aug 26 08:16:10 PM EDT 2025 :: Intent detected for vita
{ "check": "ping", "from": "corelight", "timestamp": "Tue Aug 26 08:16:10 PM EDT 2025" }
Tue Aug 26 08:16:55 PM EDT 2025 :: Intent detected for vita
{ "check": "ping", "from": "corelight", "timestamp": "Tue Aug 26 08:16:54 PM EDT 2025" }
Tue Aug 26 08:17:22 PM EDT 2025 :: Intent detected for vita
{ "check": "ping", "from": "colony_hub", "timestamp": "Tue Aug 26 08:17:22 PM EDT 2025" }
Tue Aug 26 08:17:38 PM EDT 2025 :: Intent detected for vita
{ "check": "ping", "from": "corelight", "timestamp": "Tue Aug 26 08:17:37 PM EDT 2025" }
Tue Aug 26 08:18:21 PM EDT 2025 :: Intent detected for vita
{ "check": "ping", "from": "corelight", "timestamp": "Tue Aug 26 08:18:20 PM EDT 2025" }
Tue Aug 26 08:18:37 PM EDT 2025 :: Intent detected for vita
{ "check": "ping", "from": "colony_hub", "timestamp": "Tue Aug 26 08:18:37 PM EDT 2025" }
Tue Aug 26 08:19:05 PM EDT 2025 :: Intent detected for vita
{ "check": "ping", "from": "corelight", "timestamp": "Tue Aug 26 08:19:04 PM EDT 2025" }
Tue Aug 26 08:19:48 PM EDT 2025 :: Intent detected for vita
{ "check": "ping", "from": "corelight", "timestamp": "Tue Aug 26 08:19:48 PM EDT 2025" }
Tue Aug 26 08:19:53 PM EDT 2025 :: Intent detected for vita
{ "check": "ping", "from": "colony_hub", "timestamp": "Tue Aug 26 08:19:53 PM EDT 2025" }
Tue Aug 26 08:20:33 PM EDT 2025 :: Intent detected for vita
{ "check": "ping", "from": "corelight", "timestamp": "Tue Aug 26 08:20:31 PM EDT 2025" }
Tue Aug 26 08:21:09 PM EDT 2025 :: Intent detected for vita
{ "check": "ping", "from": "colony_hub", "timestamp": "Tue Aug 26 08:21:08 PM EDT 2025" }
Tue Aug 26 08:21:15 PM EDT 2025 :: Intent detected for vita
{ "check": "ping", "from": "corelight", "timestamp": "Tue Aug 26 08:21:15 PM EDT 2025" }
Tue Aug 26 08:21:58 PM EDT 2025 :: Intent detected for vita
{ "check": "ping", "from": "corelight", "timestamp": "Tue Aug 26 08:21:58 PM EDT 2025" }
Tue Aug 26 08:22:24 PM EDT 2025 :: Intent detected for vita
{ "check": "ping", "from": "colony_hub", "timestamp": "Tue Aug 26 08:22:23 PM EDT 2025" }
Tue Aug 26 08:22:42 PM EDT 2025 :: Intent detected for vita
{ "check": "ping", "from": "corelight", "timestamp": "Tue Aug 26 08:22:41 PM EDT 2025" }
Tue Aug 26 08:23:25 PM EDT 2025 :: Intent detected for vita
{ "check": "ping", "from": "corelight", "timestamp": "Tue Aug 26 08:23:25 PM EDT 2025" }
Tue Aug 26 08:23:38 PM EDT 2025 :: Intent detected for vita
{ "check": "ping", "from": "colony_hub", "timestamp": "Tue Aug 26 08:23:37 PM EDT 2025" }
Tue Aug 26 08:24:09 PM EDT 2025 :: Intent detected for vita
{ "check": "ping", "from": "corelight", "timestamp": "Tue Aug 26 08:24:08 PM EDT 2025" }
Tue Aug 26 08:24:52 PM EDT 2025 :: Intent detected for vita
{ "check": "ping", "from": "corelight", "timestamp": "Tue Aug 26 08:24:52 PM EDT 2025" }
Tue Aug 26 08:24:53 PM EDT 2025 :: Intent detected for vita
{ "check": "ping", "from": "colony_hub", "timestamp": "Tue Aug 26 08:24:53 PM EDT 2025" }
Tue Aug 26 08:25:36 PM EDT 2025 :: Intent detected for vita
{ "check": "ping", "from": "corelight", "timestamp": "Tue Aug 26 08:25:35 PM EDT 2025" }
Tue Aug 26 08:26:08 PM EDT 2025 :: Intent detected for vita
{ "check": "ping", "from": "colony_hub", "timestamp": "Tue Aug 26 08:26:07 PM EDT 2025" }
Tue Aug 26 08:26:20 PM EDT 2025 :: Intent detected for vita
{ "check": "ping", "from": "corelight", "timestamp": "Tue Aug 26 08:26:19 PM EDT 2025" }
Tue Aug 26 08:27:03 PM EDT 2025 :: Intent detected for vita
{ "check": "ping", "from": "corelight", "timestamp": "Tue Aug 26 08:27:03 PM EDT 2025" }
Tue Aug 26 08:27:24 PM EDT 2025 :: Intent detected for vita
{ "check": "ping", "from": "colony_hub", "timestamp": "Tue Aug 26 08:27:23 PM EDT 2025" }
Tue Aug 26 08:27:46 PM EDT 2025 :: Intent detected for vita
{ "check": "ping", "from": "corelight", "timestamp": "Tue Aug 26 08:27:46 PM EDT 2025" }
Tue Aug 26 08:28:30 PM EDT 2025 :: Intent detected for vita
{ "check": "ping", "from": "corelight", "timestamp": "Tue Aug 26 08:28:29 PM EDT 2025" }
Tue Aug 26 08:28:39 PM EDT 2025 :: Intent detected for vita
{ "check": "ping", "from": "colony_hub", "timestamp": "Tue Aug 26 08:28:39 PM EDT 2025" }
Tue Aug 26 08:29:14 PM EDT 2025 :: Intent detected for vita
{ "check": "ping", "from": "corelight", "timestamp": "Tue Aug 26 08:29:13 PM EDT 2025" }
Tue Aug 26 08:29:56 PM EDT 2025 :: Intent detected for vita
{ "check": "ping", "from": "colony_hub", "timestamp": "Tue Aug 26 08:29:56 PM EDT 2025" }
Tue Aug 26 08:29:57 PM EDT 2025 :: Intent detected for vita
{ "check": "ping", "from": "corelight", "timestamp": "Tue Aug 26 08:29:57 PM EDT 2025" }
Tue Aug 26 08:30:41 PM EDT 2025 :: Intent detected for vita
{ "check": "ping", "from": "corelight", "timestamp": "Tue Aug 26 08:30:40 PM EDT 2025" }
Tue Aug 26 08:31:11 PM EDT 2025 :: Intent detected for vita
{ "check": "ping", "from": "colony_hub", "timestamp": "Tue Aug 26 08:31:11 PM EDT 2025" }
Tue Aug 26 08:31:23 PM EDT 2025 :: Intent detected for vita
{ "check": "ping", "from": "corelight", "timestamp": "Tue Aug 26 08:31:23 PM EDT 2025" }
Tue Aug 26 08:32:07 PM EDT 2025 :: Intent detected for vita
{ "check": "ping", "from": "corelight", "timestamp": "Tue Aug 26 08:32:06 PM EDT 2025" }
Tue Aug 26 08:32:26 PM EDT 2025 :: Intent detected for vita
{ "check": "ping", "from": "colony_hub", "timestamp": "Tue Aug 26 08:32:26 PM EDT 2025" }
Tue Aug 26 08:32:50 PM EDT 2025 :: Intent detected for vita
{ "check": "ping", "from": "corelight", "timestamp": "Tue Aug 26 08:32:50 PM EDT 2025" }
Tue Aug 26 08:33:34 PM EDT 2025 :: Intent detected for vita
{ "check": "ping", "from": "corelight", "timestamp": "Tue Aug 26 08:33:33 PM EDT 2025" }
Tue Aug 26 08:33:40 PM EDT 2025 :: Intent detected for vita
{ "check": "ping", "from": "colony_hub", "timestamp": "Tue Aug 26 08:33:40 PM EDT 2025" }
Tue Aug 26 08:34:17 PM EDT 2025 :: Intent detected for vita
{ "check": "ping", "from": "corelight", "timestamp": "Tue Aug 26 08:34:16 PM EDT 2025" }
Tue Aug 26 08:34:55 PM EDT 2025 :: Intent detected for vita
{ "check": "ping", "from": "colony_hub", "timestamp": "Tue Aug 26 08:34:54 PM EDT 2025" }
Tue Aug 26 08:34:59 PM EDT 2025 :: Intent detected for vita
{ "check": "ping", "from": "corelight", "timestamp": "Tue Aug 26 08:34:59 PM EDT 2025" }
Tue Aug 26 09:07:46 PM EDT 2025 :: Intent detected for vita

Tue Aug 26 09:07:55 PM EDT 2025 :: Intent detected for vita

Tue Aug 26 09:07:58 PM EDT 2025 :: Intent detected for vita
{ "check": "ping", "from": "corelight", "timestamp": "Tue Aug 26 09:07:56 PM EDT 2025" }
Tue Aug 26 09:08:22 PM EDT 2025 :: Intent detected for vita
{ "check": "ping", "from": "colony_hub", "timestamp": "Tue Aug 26 09:08:22 PM EDT 2025" }
Tue Aug 26 09:08:40 PM EDT 2025 :: Intent detected for vita
Tue Aug 26 09:08:40 PM EDT 2025 :: Intent detected for vita
{ "check": "ping", "from": "corelight", "timestamp": "Tue Aug 26 09:08:39 PM EDT 2025" }
{ "check": "ping", "from": "corelight", "timestamp": "Tue Aug 26 09:08:39 PM EDT 2025" }
Tue Aug 26 09:09:23 PM EDT 2025 :: Intent detected for vita
{ "check": "ping", "from": "corelight", "timestamp": "Tue Aug 26 09:09:23 PM EDT 2025" }
Tue Aug 26 09:09:38 PM EDT 2025 :: Intent detected for vita
{ "check": "ping", "from": "colony_hub", "timestamp": "Tue Aug 26 09:09:37 PM EDT 2025" }
Tue Aug 26 09:10:08 PM EDT 2025 :: Intent detected for vita
{ "check": "ping", "from": "corelight", "timestamp": "Tue Aug 26 09:10:07 PM EDT 2025" }
Tue Aug 26 09:10:50 PM EDT 2025 :: Intent detected for vita
{ "check": "ping", "from": "corelight", "timestamp": "Tue Aug 26 09:10:50 PM EDT 2025" }
Tue Aug 26 09:10:53 PM EDT 2025 :: Intent detected for vita
{ "check": "ping", "from": "colony_hub", "timestamp": "Tue Aug 26 09:10:51 PM EDT 2025" }
Tue Aug 26 09:11:35 PM EDT 2025 :: Intent detected for vita
{ "check": "ping", "from": "corelight", "timestamp": "Tue Aug 26 09:11:34 PM EDT 2025" }
Tue Aug 26 09:12:06 PM EDT 2025 :: Intent detected for vita
{ "check": "ping", "from": "colony_hub", "timestamp": "Tue Aug 26 09:12:06 PM EDT 2025" }
Tue Aug 26 09:12:18 PM EDT 2025 :: Intent detected for vita
{ "check": "ping", "from": "corelight", "timestamp": "Tue Aug 26 09:12:17 PM EDT 2025" }
Tue Aug 26 09:13:03 PM EDT 2025 :: Intent detected for vita
{ "check": "ping", "from": "corelight", "timestamp": "Tue Aug 26 09:13:01 PM EDT 2025" }
Tue Aug 26 09:13:22 PM EDT 2025 :: Intent detected for vita
{ "check": "ping", "from": "colony_hub", "timestamp": "Tue Aug 26 09:13:21 PM EDT 2025" }
Tue Aug 26 09:13:45 PM EDT 2025 :: Intent detected for vita
Tue Aug 26 09:13:45 PM EDT 2025 :: Intent detected for vita
{ "check": "ping", "from": "corelight", "timestamp": "Tue Aug 26 09:13:45 PM EDT 2025" }
{ "check": "ping", "from": "corelight", "timestamp": "Tue Aug 26 09:13:45 PM EDT 2025" }
Tue Aug 26 09:13:45 PM EDT 2025 :: Intent detected for vita

Tue Aug 26 09:14:30 PM EDT 2025 :: Intent detected for vita
{ "check": "ping", "from": "corelight", "timestamp": "Tue Aug 26 09:14:28 PM EDT 2025" }
Tue Aug 26 09:14:40 PM EDT 2025 :: Intent detected for vita
Tue Aug 26 09:14:40 PM EDT 2025 :: Intent detected for vita
{ "check": "ping", "from": "colony_hub", "timestamp": "Tue Aug 26 09:14:38 PM EDT 2025" }
{ "check": "ping", "from": "colony_hub", "timestamp": "Tue Aug 26 09:14:38 PM EDT 2025" }
Tue Aug 26 09:15:13 PM EDT 2025 :: Intent detected for vita
{ "check": "ping", "from": "corelight", "timestamp": "Tue Aug 26 09:15:12 PM EDT 2025" }
Tue Aug 26 09:49:08 PM EDT 2025 :: Intent detected for vita

Tue Aug 26 09:56:51 PM EDT 2025 :: Intent detected for vita

Wed Aug 27 12:49:28 AM EDT 2025 :: Intent detected for vita

